18:01:37.555 [main                     ] DEBUG GameApplication      - Logger initialized
18:01:37.580 [main                     ] DEBUG GameApplication      - Logging settings
Title: Untitled
Version: 0.0
Width: 800
Height: 600
Fullscreen: false
Intro: false
Menus: false
Profiling: false
Single step:false
App Mode: DEVELOPER
Menu Key: ESCAPE
Stage Style: DECORATED
Scene Factory: class com.almasb.fxgl.app.scene.SceneFactory

18:01:38.032 [JavaFX Application Thread] DEBUG GameApplication      - Initializing FXGL
18:01:38.041 [JavaFX Application Thread] INFO  Engine               - FXGL-11.8 (08.03.2020 09.09) on WINDOWS (J:11.0.9 FX:13.0.2)
18:01:38.041 [JavaFX Application Thread] INFO  Engine               - Source code and latest versions at: https://github.com/AlmasB/FXGL
18:01:38.042 [JavaFX Application Thread] INFO  Engine               -              Join the FXGL chat at: https://gitter.im/AlmasB/FXGL
18:01:38.192 [JavaFX Application Thread] DEBUG MainWindow           - Creating a JavaFX scene
18:01:38.278 [JavaFX Application Thread] DEBUG MainWindow           - Target settings size: 800.0 x 600.0
18:01:38.278 [JavaFX Application Thread] DEBUG MainWindow           - Scaled scene size:    800.0 x 600.0
18:01:38.278 [JavaFX Application Thread] DEBUG MainWindow           - Scaled ratio: (1.0, 1.0)
18:01:38.280 [JavaFX Application Thread] DEBUG MainWindow           - Set initial scene to FXGLStartupScene
18:01:38.288 [JavaFX Application Thread] DEBUG MainWindow           - Opening main window
18:01:38.371 [JavaFX Application Thread] DEBUG MainWindow           - Window border size: (14.66668701171875, 37.33331298828125)
18:01:38.371 [JavaFX Application Thread] DEBUG MainWindow           - Scaled size: 800.0 x 600.0
18:01:38.371 [JavaFX Application Thread] DEBUG MainWindow           - Scaled ratio: (1.0, 1.0)
18:01:38.371 [JavaFX Application Thread] DEBUG MainWindow           - Scene size: 800.0 x 600.0
18:01:38.372 [JavaFX Application Thread] DEBUG MainWindow           - Stage size: 814.6666870117188 x 637.3333129882812
18:01:38.382 [FXGL Background Thread 1 ] DEBUG Engine               - Initializing environment variables
18:01:38.426 [FXGL Background Thread 1 ] DEBUG WindowService        - Applying CSS: fxgl_dark.css
18:01:38.426 [FXGL Background Thread 1 ] DEBUG AssetLoaderService   - Loading from file system: /assets/ui/css/fxgl_dark.css
18:01:38.493 [FXGL Background Thread 1 ] DEBUG WindowService        - Initializing application scenes
18:01:38.589 [FXGL Background Thread 1 ] DEBUG GameWorld            - Game world initialized
18:01:38.633 [FXGL Background Thread 1 ] DEBUG PhysicsWorld         - Physics world initialized: appHeight=600, physics.ppm=50,0
18:01:38.636 [FXGL Background Thread 1 ] DEBUG GameScene            - Game scene initialized: 800x600
18:01:38.648 [FXGL Background Thread 1 ] DEBUG Input                - Registered new binding: Resume - Esc
18:01:38.654 [FXGL Background Thread 1 ] DEBUG AssetLoaderService   - Loading from file system: /assets/textures/pause_menu_bg.png
18:01:38.718 [FXGL Background Thread 1 ] DEBUG Input                - Registered new binding: Pause - Esc
18:01:38.718 [FXGL Background Thread 1 ] DEBUG WindowService        - Application scenes initialized
18:01:38.727 [FXGL Background Thread 1 ] DEBUG SystemBundleService  - Loading FXGL system data
18:01:38.731 [FXGL Background Thread 1 ] DEBUG FileSystemAccess     - Reading from: C:\Users\Micael Prata\Documents\Java Projects\StarpewValley\system\fxgl.bundle
18:01:38.736 [FXGL Background Thread 1 ] DEBUG SystemBundleService  - Bundle FXGL: {}
18:01:38.736 [FXGL Background Thread 1 ] INFO  Engine               - FXGL initialization took: 0,346 sec
18:01:38.738 [FXGL Background Thread 1 ] DEBUG GameApplication      - Loading localizations
18:01:38.739 [FXGL Background Thread 1 ] DEBUG AssetLoaderService   - Loading from file system: /assets/properties/languages/english.properties
18:01:38.740 [FXGL Background Thread 1 ] DEBUG AssetLoaderService   - Loading from file system: /assets/properties/languages/french.properties
18:01:38.741 [FXGL Background Thread 1 ] DEBUG AssetLoaderService   - Loading from file system: /assets/properties/languages/german.properties
18:01:38.742 [FXGL Background Thread 1 ] DEBUG AssetLoaderService   - Loading from file system: /assets/properties/languages/hungarian.properties
18:01:38.743 [FXGL Background Thread 1 ] DEBUG AssetLoaderService   - Loading from file system: /assets/properties/languages/russian.properties
18:01:38.744 [FXGL Background Thread 1 ] DEBUG GameApplication      - Registering font factories with UI factory
18:01:38.744 [FXGL Background Thread 1 ] DEBUG AssetLoaderService   - Loading from file system: /assets/ui/fonts/VarelaRound-Regular.ttf
18:01:38.832 [FXGL Background Thread 1 ] DEBUG AssetLoaderService   - Loading from file system: /assets/ui/fonts/Abel-Regular.ttf
18:01:38.836 [FXGL Background Thread 1 ] DEBUG AssetLoaderService   - Loading from file system: /assets/ui/fonts/lucida_console.ttf
18:01:38.840 [FXGL Background Thread 1 ] DEBUG AssetLoaderService   - Loading from file system: /assets/ui/fonts/Courier-Prime.ttf
18:01:38.847 [JavaFX Application Thread] DEBUG Input                - Registered new binding: Right - D
18:01:38.847 [JavaFX Application Thread] DEBUG Input                - Registered new binding: Left - A
18:01:38.848 [JavaFX Application Thread] DEBUG Input                - Registered new binding: Down - S
18:01:38.848 [JavaFX Application Thread] DEBUG Input                - Registered new binding: Up - W
18:01:38.848 [JavaFX Application Thread] DEBUG AssetLoaderService   - Loading from file system: /assets/textures/fxgl_icon.png
18:01:38.874 [JavaFX Application Thread] DEBUG AssetLoaderService   - Loading from file system: /assets/ui/cursors/fxgl_default.png
18:01:38.877 [JavaFX Application Thread] DEBUG Input                - Registered new binding: Screenshot - P
18:01:38.877 [JavaFX Application Thread] DEBUG Input                - Registered new binding: System info dump - CTRL+9
18:01:38.877 [JavaFX Application Thread] DEBUG Input                - Registered new binding: Restart - CTRL+R
18:01:38.878 [JavaFX Application Thread] DEBUG LoopRunner           - Starting loop
18:01:38.888 [JavaFX Application Thread] DEBUG FXGLStartupScene     - STARTUP
18:01:38.888 [JavaFX Application Thread] DEBUG WindowService        - Starting new game
18:01:38.891 [JavaFX Application Thread] DEBUG Input                - Clearing active input actions
18:01:38.905 [JavaFX Application Thread] DEBUG WindowService        - Removing overlay from FXGLStartupScene and adding to FXGLLoadingScene
18:01:38.905 [JavaFX Application Thread] DEBUG MainWindow           - FXGLStartupScene -> FXGLLoadingScene
18:01:38.905 [JavaFX Application Thread] DEBUG WindowService        - Clearing previous game
18:01:38.905 [JavaFX Application Thread] DEBUG GameScene            - Clearing game scene
18:01:38.906 [JavaFX Application Thread] DEBUG GameWorld            - Clearing game world
18:01:38.906 [JavaFX Application Thread] DEBUG PhysicsWorld         - Clearing physics world
18:01:38.912 [FXGL Background Thread 1 ] DEBUG GameApplication      - Initializing game
18:01:38.953 [FXGL Background Thread 1 ] DEBUG AssetLoaderService   - Loading from file system: /assets/textures/Charactervector.png
18:01:38.959 [FXGL Background Thread 1 ] DEBUG AssetLoaderService   - Loading from cache: /assets/textures/Charactervector.png
18:01:38.959 [FXGL Background Thread 1 ] DEBUG AssetLoaderService   - Loading from cache: /assets/textures/Charactervector.png
18:01:38.959 [FXGL Background Thread 1 ] DEBUG AssetLoaderService   - Loading from cache: /assets/textures/Charactervector.png
18:01:38.962 [FXGL Background Thread 1 ] INFO  GameApplication      - Game initialization took: 0,050 sec
18:01:39.034 [JavaFX Application Thread] DEBUG Input                - Clearing active input actions
18:01:39.044 [JavaFX Application Thread] DEBUG WindowService        - Removing overlay from FXGLLoadingScene and adding to GameScene
18:01:39.045 [JavaFX Application Thread] DEBUG MainWindow           - FXGLLoadingScene -> GameScene
18:01:41.739 [FXGL Background Thread 2 ] DEBUG Engine               - Logging environment variables
18:01:41.739 [FXGL Background Thread 2 ] DEBUG Engine               - achievements: []
18:01:41.739 [FXGL Background Thread 2 ] DEBUG Engine               - language: ObjectProperty [value: ENGLISH]
18:01:41.739 [FXGL Background Thread 2 ] DEBUG Engine               - isCloseConfirmation: false
18:01:41.739 [FXGL Background Thread 2 ] DEBUG Engine               - isProfilingEnabled: false
18:01:41.739 [FXGL Background Thread 2 ] DEBUG Engine               - soundNotification: core/notification.wav
18:01:41.740 [FXGL Background Thread 2 ] DEBUG Engine               - devShowBBoxProperty: BooleanProperty [value: false]
18:01:41.740 [FXGL Background Thread 2 ] DEBUG Engine               - pixelsPerMeter: 50.0
18:01:41.740 [FXGL Background Thread 2 ] DEBUG Engine               - appIcon: fxgl_icon.png
18:01:41.740 [FXGL Background Thread 2 ] DEBUG Engine               - soundMenuBack: menu/back.wav
18:01:41.740 [FXGL Background Thread 2 ] DEBUG Engine               - isFullScreenAllowed: false
18:01:41.740 [FXGL Background Thread 2 ] DEBUG Engine               - isIntroEnabled: false
18:01:41.740 [FXGL Background Thread 2 ] DEBUG Engine               - fontMono: lucida_console.ttf
18:01:41.740 [FXGL Background Thread 2 ] DEBUG Engine               - soundMenuSelect: menu/select.wav
18:01:41.740 [FXGL Background Thread 2 ] DEBUG Engine               - isWindows: true
18:01:41.740 [FXGL Background Thread 2 ] DEBUG Engine               - isMobile: false
18:01:41.741 [FXGL Background Thread 2 ] DEBUG Engine               - isUserProfileEnabled: false
18:01:41.741 [FXGL Background Thread 2 ] DEBUG Engine               - height: 600
18:01:41.741 [FXGL Background Thread 2 ] DEBUG Engine               - isExperimentalNative: false
18:01:41.741 [FXGL Background Thread 2 ] DEBUG Engine               - settings: Title: Untitled
Version: 0.0
Width: 800
Height: 600
Fullscreen: false
Intro: false
Menus: false
Profiling: false
Single step:false
App Mode: DEVELOPER
Menu Key: ESCAPE
Stage Style: DECORATED
Scene Factory: class com.almasb.fxgl.app.scene.SceneFactory

18:01:41.741 [FXGL Background Thread 2 ] DEBUG Engine               - cSSList: [fxgl_dark.css]
18:01:41.741 [FXGL Background Thread 2 ] DEBUG Engine               - isSingleStep: false
18:01:41.741 [FXGL Background Thread 2 ] DEBUG Engine               - fontGame: Abel-Regular.ttf
18:01:41.741 [FXGL Background Thread 2 ] DEBUG Engine               - menuKey: ESCAPE
18:01:41.741 [FXGL Background Thread 2 ] DEBUG Engine               - devShowPositionProperty: BooleanProperty [value: false]
18:01:41.742 [FXGL Background Thread 2 ] DEBUG Engine               - versionCheckDays: 7
18:01:41.742 [FXGL Background Thread 2 ] DEBUG Engine               - configClass: Optional.empty
18:01:41.742 [FXGL Background Thread 2 ] DEBUG Engine               - isFullScreenFromStart: false
18:01:41.742 [FXGL Background Thread 2 ] DEBUG Engine               - version: 0.0
18:01:41.742 [FXGL Background Thread 2 ] DEBUG Engine               - fullScreen: BooleanProperty [value: false]
18:01:41.742 [FXGL Background Thread 2 ] DEBUG Engine               - randomSeed: -1
18:01:41.742 [FXGL Background Thread 2 ] DEBUG Engine               - gameDifficultyProperty: ObjectProperty [value: MEDIUM]
18:01:41.742 [FXGL Background Thread 2 ] DEBUG Engine               - applicationMode: DEVELOPER
18:01:41.743 [FXGL Background Thread 2 ] DEBUG Engine               - isMac: false
18:01:41.743 [FXGL Background Thread 2 ] DEBUG Engine               - isMenuEnabled: false
18:01:41.743 [FXGL Background Thread 2 ] DEBUG Engine               - profileName: StringProperty [value: DEFAULT]
18:01:41.743 [FXGL Background Thread 2 ] DEBUG Engine               - urlPOM: https://raw.githubusercontent.com/AlmasB/FXGL/master/pom.xml
18:01:41.743 [FXGL Background Thread 2 ] DEBUG Engine               - notificationViewClass: class com.almasb.fxgl.notification.view.XboxNotificationView
18:01:41.743 [FXGL Background Thread 2 ] DEBUG Engine               - devSensorColorProperty: ObjectProperty [value: 0xffff00ff]
18:01:41.744 [FXGL Background Thread 2 ] DEBUG Engine               - sceneFactory: com.almasb.fxgl.app.scene.SceneFactory@3ec9b690
18:01:41.744 [FXGL Background Thread 2 ] DEBUG Engine               - stageStyle: DECORATED
18:01:41.744 [FXGL Background Thread 2 ] DEBUG Engine               - isManualResizeEnabled: false
18:01:41.744 [FXGL Background Thread 2 ] DEBUG Engine               - title: Untitled
18:01:41.744 [FXGL Background Thread 2 ] DEBUG Engine               - platform: WINDOWS
18:01:41.744 [FXGL Background Thread 2 ] DEBUG Engine               - devBBoxColorProperty: ObjectProperty [value: 0xff0000ff]
18:01:41.744 [FXGL Background Thread 2 ] DEBUG Engine               - gameDifficulty: MEDIUM
18:01:41.745 [FXGL Background Thread 2 ] DEBUG Engine               - isDesktop: true
18:01:41.745 [FXGL Background Thread 2 ] DEBUG Engine               - supportedLanguages: [ENGLISH, FRENCH, GERMAN, HUNGARIAN, RUSSIAN]
18:01:41.745 [FXGL Background Thread 2 ] DEBUG Engine               - credits: []
18:01:41.745 [FXGL Background Thread 2 ] DEBUG Engine               - globalMusicVolumeProperty: DoubleProperty [value: 0.5]
18:01:41.745 [FXGL Background Thread 2 ] DEBUG Engine               - isPreserveResizeRatio: false
18:01:41.745 [FXGL Background Thread 2 ] DEBUG Engine               - fontText: Courier-Prime.ttf
18:01:41.745 [FXGL Background Thread 2 ] DEBUG Engine               - isExperimentalTiledLargeMap: false
18:01:41.745 [FXGL Background Thread 2 ] DEBUG Engine               - secondsIn24h: 60
18:01:41.746 [FXGL Background Thread 2 ] DEBUG Engine               - runtimeInfo: RuntimeInfo(platform=WINDOWS, version=11.8, build=08.03.2020 09.09)
18:01:41.746 [FXGL Background Thread 2 ] DEBUG Engine               - isLinux: false
18:01:41.746 [FXGL Background Thread 2 ] DEBUG Engine               - soundMenuPress: menu/press.wav
18:01:41.746 [FXGL Background Thread 2 ] DEBUG Engine               - urlGithub: https://github.com/AlmasB/FXGL
18:01:41.746 [FXGL Background Thread 2 ] DEBUG Engine               - profileDir: profiles/
18:01:41.747 [FXGL Background Thread 2 ] DEBUG Engine               - isDeveloperMenuEnabled: false
18:01:41.747 [FXGL Background Thread 2 ] DEBUG Engine               - globalSoundVolumeProperty: DoubleProperty [value: 0.5]
18:01:41.747 [FXGL Background Thread 2 ] DEBUG Engine               - mainWindow: com.almasb.fxgl.app.MainWindow@3af62591
18:01:41.747 [FXGL Background Thread 2 ] DEBUG Engine               - isBrowser: false
18:01:41.747 [FXGL Background Thread 2 ] DEBUG Engine               - urlLeaderboard: http://fxgl-top.herokuapp.com/
18:01:41.748 [FXGL Background Thread 2 ] DEBUG Engine               - globalSoundVolume: 0.5
18:01:41.748 [FXGL Background Thread 2 ] DEBUG Engine               - engineServices: [class com.almasb.fxgl.app.GameApplication$GameApplicationService, class com.almasb.fxgl.app.services.WindowService, class com.almasb.fxgl.app.services.FXGLDialogService, class com.almasb.fxgl.app.services.IOTaskExecutorService, class com.almasb.fxgl.event.EventBusService, class com.almasb.fxgl.io.FileSystemService, class com.almasb.fxgl.localization.LocalizationService, class com.almasb.fxgl.app.services.AssetLoaderService, class com.almasb.fxgl.app.services.SystemBundleService, class com.almasb.fxgl.profile.SaveLoadService, class com.almasb.fxgl.ui.FXGLUIFactoryServiceProvider, class com.almasb.fxgl.ui.FXGLDialogFactoryServiceProvider, class com.almasb.fxgl.audio.AudioPlayer, class com.almasb.fxgl.notification.impl.NotificationServiceProvider, class com.almasb.fxgl.achievement.AchievementService, class com.almasb.fxgl.cutscene.CutsceneService, class com.almasb.fxgl.minigames.MiniGameService, class com.almasb.fxgl.net.NetService, class com.almasb.fxgl.app.services.UpdaterService]
18:01:41.748 [FXGL Background Thread 2 ] DEBUG Engine               - globalMusicVolume: 0.5
18:01:41.748 [FXGL Background Thread 2 ] DEBUG Engine               - width: 800
18:01:41.749 [FXGL Background Thread 2 ] DEBUG Engine               - saveFileExt: sav
18:01:41.749 [FXGL Background Thread 2 ] DEBUG Engine               - isAndroid: false
18:01:41.749 [FXGL Background Thread 2 ] DEBUG Engine               - fontUI: VarelaRound-Regular.ttf
18:01:41.749 [FXGL Background Thread 2 ] DEBUG Engine               - enabledMenuItems: []
18:01:41.749 [FXGL Background Thread 2 ] DEBUG Engine               - isIOS: false
18:01:41.749 [FXGL Background Thread 2 ] DEBUG Engine               - Logging services
18:01:41.750 [FXGL Background Thread 2 ] DEBUG Engine               - class com.almasb.fxgl.app.GameApplication$GameApplicationService
18:01:41.750 [FXGL Background Thread 2 ] DEBUG Engine               - class com.almasb.fxgl.app.services.WindowService
18:01:41.750 [FXGL Background Thread 2 ] DEBUG Engine               - class com.almasb.fxgl.app.services.FXGLDialogService
18:01:41.750 [FXGL Background Thread 2 ] DEBUG Engine               - class com.almasb.fxgl.app.services.IOTaskExecutorService
18:01:41.750 [FXGL Background Thread 2 ] DEBUG Engine               - class com.almasb.fxgl.event.EventBusService
18:01:41.750 [FXGL Background Thread 2 ] DEBUG Engine               - class com.almasb.fxgl.io.FileSystemService
18:01:41.750 [FXGL Background Thread 2 ] DEBUG Engine               - class com.almasb.fxgl.localization.LocalizationService
18:01:41.750 [FXGL Background Thread 2 ] DEBUG Engine               - class com.almasb.fxgl.app.services.AssetLoaderService
18:01:41.751 [FXGL Background Thread 2 ] DEBUG Engine               - class com.almasb.fxgl.app.services.SystemBundleService
18:01:41.751 [FXGL Background Thread 2 ] DEBUG Engine               - class com.almasb.fxgl.profile.SaveLoadService
18:01:41.751 [FXGL Background Thread 2 ] DEBUG Engine               - class com.almasb.fxgl.ui.FXGLUIFactoryServiceProvider
18:01:41.751 [FXGL Background Thread 2 ] DEBUG Engine               - class com.almasb.fxgl.ui.FXGLDialogFactoryServiceProvider
18:01:41.751 [FXGL Background Thread 2 ] DEBUG Engine               - class com.almasb.fxgl.audio.AudioPlayer
18:01:41.751 [FXGL Background Thread 2 ] DEBUG Engine               - class com.almasb.fxgl.notification.impl.NotificationServiceProvider
18:01:41.751 [FXGL Background Thread 2 ] DEBUG Engine               - class com.almasb.fxgl.achievement.AchievementService
18:01:41.751 [FXGL Background Thread 2 ] DEBUG Engine               - class com.almasb.fxgl.cutscene.CutsceneService
18:01:41.752 [FXGL Background Thread 2 ] DEBUG Engine               - class com.almasb.fxgl.minigames.MiniGameService
18:01:41.752 [FXGL Background Thread 2 ] DEBUG Engine               - class com.almasb.fxgl.net.NetService
18:01:41.752 [FXGL Background Thread 2 ] DEBUG Engine               - class com.almasb.fxgl.app.services.UpdaterService
18:01:54.457 [JavaFX Application Thread] DEBUG LoopRunner           - Stopping loop
18:02:05.641 [JavaFX Application Thread] FATAL GameApplication      - Uncaught Exception:

Fatal exception occurred: java.lang.ClassCastException : class com.almasb.fxgl.input.MouseTrigger cannot be cast to class com.almasb.fxgl.input.KeyTrigger (com.almasb.fxgl.input.MouseTrigger and com.almasb.fxgl.input.KeyTrigger are in unnamed module of loader 'app')
E: starpew.SpriteSheetAnimationApp$5.onActionBegin(SpriteSheetAnimationApp.java:92)
E: com.almasb.fxgl.input.TriggerListener.begin$fxgl_input(TriggerListener.kt:15)
E: com.almasb.fxgl.input.Input.handlePressed(Input.kt:226)
E: com.almasb.fxgl.input.Input.onMouseEvent(Input.kt:203)
E: com.almasb.fxgl.input.Input.onMouseEvent(Input.kt:192)
E: com.almasb.fxgl.app.MainWindow$2$1.invoke(MainWindow.kt:89)
E: com.almasb.fxgl.app.MainWindow$2$1.invoke(MainWindow.kt:38)
E: com.almasb.fxgl.core.fsm.StateMachine.runOnActiveStates(StateMachine.kt:60)
E: com.almasb.fxgl.app.MainWindow$2.invoke(MainWindow.kt:89)
E: com.almasb.fxgl.app.MainWindow$2.invoke(MainWindow.kt:38)
E: com.almasb.fxgl.app.MainWindow$addMouseHandler$1.handle(MainWindow.kt:359)
E: com.almasb.fxgl.app.MainWindow$addMouseHandler$1.handle(MainWindow.kt:38)
E: com.sun.javafx.event.CompositeEventHandler$NormalEventHandlerRecord.handleBubblingEvent(CompositeEventHandler.java:218)
E: com.sun.javafx.event.CompositeEventHandler.dispatchBubblingEvent(CompositeEventHandler.java:80)
E: com.sun.javafx.event.EventHandlerManager.dispatchBubblingEvent(EventHandlerManager.java:238)
E: com.sun.javafx.event.EventHandlerManager.dispatchBubblingEvent(EventHandlerManager.java:191)
E: com.sun.javafx.event.CompositeEventDispatcher.dispatchBubblingEvent(CompositeEventDispatcher.java:59)
E: com.sun.javafx.event.BasicEventDispatcher.dispatchEvent(BasicEventDispatcher.java:58)
E: com.sun.javafx.event.EventDispatchChainImpl.dispatchEvent(EventDispatchChainImpl.java:114)
E: com.sun.javafx.event.BasicEventDispatcher.dispatchEvent(BasicEventDispatcher.java:56)
E: com.sun.javafx.event.EventDispatchChainImpl.dispatchEvent(EventDispatchChainImpl.java:114)
E: com.sun.javafx.event.EventUtil.fireEventImpl(EventUtil.java:74)
E: com.sun.javafx.event.EventUtil.fireEvent(EventUtil.java:54)
E: javafx.event.Event.fireEvent(Event.java:198)
E: javafx.scene.Scene$MouseHandler.process(Scene.java:3862)
E: javafx.scene.Scene.processMouseEvent(Scene.java:1849)
E: javafx.scene.Scene$ScenePeerListener.mouseEvent(Scene.java:2590)
E: com.sun.javafx.tk.quantum.GlassViewEventHandler$MouseEventNotification.run(GlassViewEventHandler.java:409)
E: com.sun.javafx.tk.quantum.GlassViewEventHandler$MouseEventNotification.run(GlassViewEventHandler.java:299)
E: java.base/java.security.AccessController.doPrivileged(Native Method)
E: com.sun.javafx.tk.quantum.GlassViewEventHandler.lambda$handleMouseEvent$2(GlassViewEventHandler.java:447)
E: com.sun.javafx.tk.quantum.QuantumToolkit.runWithoutRenderLock(QuantumToolkit.java:412)
E: com.sun.javafx.tk.quantum.GlassViewEventHandler.handleMouseEvent(GlassViewEventHandler.java:446)
E: com.sun.glass.ui.View.handleMouseEvent(View.java:556)
E: com.sun.glass.ui.View.notifyMouse(View.java:942)
E: com.sun.glass.ui.win.WinApplication._runLoop(Native Method)
E: com.sun.glass.ui.win.WinApplication.lambda$runLoop$3(WinApplication.java:174)
E: java.base/java.lang.Thread.run(Thread.java:834)

18:02:05.664 [JavaFX Application Thread] FATAL GameApplication      - Application will now exit
18:02:05.674 [JavaFX Application Thread] DEBUG GameApplication      - Exiting FXGL
18:02:05.675 [JavaFX Application Thread] DEBUG GameApplication      - Shutting down background threads
18:02:05.675 [JavaFX Application Thread] DEBUG GameApplication      - Closing logger and exiting JavaFX
