18:05:58.164 [main                     ] DEBUG GameApplication      - Logger initialized
18:05:58.190 [main                     ] DEBUG GameApplication      - Logging settings
Title: Untitled
Version: 0.0
Width: 800
Height: 600
Fullscreen: false
Intro: false
Menus: false
Profiling: false
Single step:false
App Mode: DEVELOPER
Menu Key: ESCAPE
Stage Style: DECORATED
Scene Factory: class com.almasb.fxgl.app.scene.SceneFactory

18:05:58.637 [JavaFX Application Thread] DEBUG GameApplication      - Initializing FXGL
18:05:58.644 [JavaFX Application Thread] INFO  Engine               - FXGL-11.8 (08.03.2020 09.09) on WINDOWS (J:11.0.9 FX:13.0.2)
18:05:58.645 [JavaFX Application Thread] INFO  Engine               - Source code and latest versions at: https://github.com/AlmasB/FXGL
18:05:58.645 [JavaFX Application Thread] INFO  Engine               -              Join the FXGL chat at: https://gitter.im/AlmasB/FXGL
18:05:58.789 [JavaFX Application Thread] DEBUG MainWindow           - Creating a JavaFX scene
18:05:58.872 [JavaFX Application Thread] DEBUG MainWindow           - Target settings size: 800.0 x 600.0
18:05:58.872 [JavaFX Application Thread] DEBUG MainWindow           - Scaled scene size:    800.0 x 600.0
18:05:58.873 [JavaFX Application Thread] DEBUG MainWindow           - Scaled ratio: (1.0, 1.0)
18:05:58.875 [JavaFX Application Thread] DEBUG MainWindow           - Set initial scene to FXGLStartupScene
18:05:58.885 [JavaFX Application Thread] DEBUG MainWindow           - Opening main window
18:05:58.972 [JavaFX Application Thread] DEBUG MainWindow           - Window border size: (14.66668701171875, 37.33331298828125)
18:05:58.973 [JavaFX Application Thread] DEBUG MainWindow           - Scaled size: 800.0 x 600.0
18:05:58.973 [JavaFX Application Thread] DEBUG MainWindow           - Scaled ratio: (1.0, 1.0)
18:05:58.973 [JavaFX Application Thread] DEBUG MainWindow           - Scene size: 800.0 x 600.0
18:05:58.973 [JavaFX Application Thread] DEBUG MainWindow           - Stage size: 814.6666870117188 x 637.3333129882812
18:05:58.983 [FXGL Background Thread 1 ] DEBUG Engine               - Initializing environment variables
18:05:59.026 [FXGL Background Thread 1 ] DEBUG WindowService        - Applying CSS: fxgl_dark.css
18:05:59.027 [FXGL Background Thread 1 ] DEBUG AssetLoaderService   - Loading from file system: /assets/ui/css/fxgl_dark.css
18:05:59.099 [FXGL Background Thread 1 ] DEBUG WindowService        - Initializing application scenes
18:05:59.196 [FXGL Background Thread 1 ] DEBUG GameWorld            - Game world initialized
18:05:59.232 [FXGL Background Thread 1 ] DEBUG PhysicsWorld         - Physics world initialized: appHeight=600, physics.ppm=50,0
18:05:59.234 [FXGL Background Thread 1 ] DEBUG GameScene            - Game scene initialized: 800x600
18:05:59.244 [FXGL Background Thread 1 ] DEBUG Input                - Registered new binding: Resume - Esc
18:05:59.248 [FXGL Background Thread 1 ] DEBUG AssetLoaderService   - Loading from file system: /assets/textures/pause_menu_bg.png
18:05:59.311 [FXGL Background Thread 1 ] DEBUG Input                - Registered new binding: Pause - Esc
18:05:59.311 [FXGL Background Thread 1 ] DEBUG WindowService        - Application scenes initialized
18:05:59.320 [FXGL Background Thread 1 ] DEBUG SystemBundleService  - Loading FXGL system data
18:05:59.325 [FXGL Background Thread 1 ] DEBUG FileSystemAccess     - Reading from: C:\Users\Micael Prata\Documents\Java Projects\StarpewValley\system\fxgl.bundle
18:05:59.329 [FXGL Background Thread 1 ] DEBUG SystemBundleService  - Bundle FXGL: {}
18:05:59.329 [FXGL Background Thread 1 ] INFO  Engine               - FXGL initialization took: 0,341 sec
18:05:59.331 [FXGL Background Thread 1 ] DEBUG GameApplication      - Loading localizations
18:05:59.332 [FXGL Background Thread 1 ] DEBUG AssetLoaderService   - Loading from file system: /assets/properties/languages/english.properties
18:05:59.333 [FXGL Background Thread 1 ] DEBUG AssetLoaderService   - Loading from file system: /assets/properties/languages/french.properties
18:05:59.334 [FXGL Background Thread 1 ] DEBUG AssetLoaderService   - Loading from file system: /assets/properties/languages/german.properties
18:05:59.336 [FXGL Background Thread 1 ] DEBUG AssetLoaderService   - Loading from file system: /assets/properties/languages/hungarian.properties
18:05:59.338 [FXGL Background Thread 1 ] DEBUG AssetLoaderService   - Loading from file system: /assets/properties/languages/russian.properties
18:05:59.340 [FXGL Background Thread 1 ] DEBUG GameApplication      - Registering font factories with UI factory
18:05:59.340 [FXGL Background Thread 1 ] DEBUG AssetLoaderService   - Loading from file system: /assets/ui/fonts/VarelaRound-Regular.ttf
18:05:59.436 [FXGL Background Thread 1 ] DEBUG AssetLoaderService   - Loading from file system: /assets/ui/fonts/Abel-Regular.ttf
18:05:59.440 [FXGL Background Thread 1 ] DEBUG AssetLoaderService   - Loading from file system: /assets/ui/fonts/lucida_console.ttf
18:05:59.445 [FXGL Background Thread 1 ] DEBUG AssetLoaderService   - Loading from file system: /assets/ui/fonts/Courier-Prime.ttf
18:05:59.450 [JavaFX Application Thread] DEBUG Input                - Registered new binding: Right - D
18:05:59.450 [JavaFX Application Thread] DEBUG Input                - Registered new binding: Left - A
18:05:59.450 [JavaFX Application Thread] DEBUG Input                - Registered new binding: Down - S
18:05:59.451 [JavaFX Application Thread] DEBUG Input                - Registered new binding: Up - W
18:05:59.451 [JavaFX Application Thread] DEBUG AssetLoaderService   - Loading from file system: /assets/textures/fxgl_icon.png
18:05:59.478 [JavaFX Application Thread] DEBUG AssetLoaderService   - Loading from file system: /assets/ui/cursors/fxgl_default.png
18:05:59.481 [JavaFX Application Thread] DEBUG Input                - Registered new binding: Screenshot - P
18:05:59.482 [JavaFX Application Thread] DEBUG Input                - Registered new binding: System info dump - CTRL+9
18:05:59.482 [JavaFX Application Thread] DEBUG Input                - Registered new binding: Restart - CTRL+R
18:05:59.483 [JavaFX Application Thread] DEBUG LoopRunner           - Starting loop
18:05:59.494 [JavaFX Application Thread] DEBUG FXGLStartupScene     - STARTUP
18:05:59.494 [JavaFX Application Thread] DEBUG WindowService        - Starting new game
18:05:59.497 [JavaFX Application Thread] DEBUG Input                - Clearing active input actions
18:05:59.512 [JavaFX Application Thread] DEBUG WindowService        - Removing overlay from FXGLStartupScene and adding to FXGLLoadingScene
18:05:59.512 [JavaFX Application Thread] DEBUG MainWindow           - FXGLStartupScene -> FXGLLoadingScene
18:05:59.513 [JavaFX Application Thread] DEBUG WindowService        - Clearing previous game
18:05:59.513 [JavaFX Application Thread] DEBUG GameScene            - Clearing game scene
18:05:59.513 [JavaFX Application Thread] DEBUG GameWorld            - Clearing game world
18:05:59.513 [JavaFX Application Thread] DEBUG PhysicsWorld         - Clearing physics world
18:05:59.514 [FXGL Background Thread 1 ] DEBUG GameApplication      - Initializing game
18:05:59.552 [FXGL Background Thread 1 ] DEBUG AssetLoaderService   - Loading from file system: /assets/textures/Charactervector.png
18:05:59.557 [FXGL Background Thread 1 ] DEBUG AssetLoaderService   - Loading from cache: /assets/textures/Charactervector.png
18:05:59.557 [FXGL Background Thread 1 ] DEBUG AssetLoaderService   - Loading from cache: /assets/textures/Charactervector.png
18:05:59.557 [FXGL Background Thread 1 ] DEBUG AssetLoaderService   - Loading from cache: /assets/textures/Charactervector.png
18:05:59.560 [FXGL Background Thread 1 ] INFO  GameApplication      - Game initialization took: 0,046 sec
18:05:59.640 [JavaFX Application Thread] DEBUG Input                - Clearing active input actions
18:05:59.651 [JavaFX Application Thread] DEBUG WindowService        - Removing overlay from FXGLLoadingScene and adding to GameScene
18:05:59.652 [JavaFX Application Thread] DEBUG MainWindow           - FXGLLoadingScene -> GameScene
18:06:02.331 [FXGL Background Thread 2 ] DEBUG Engine               - Logging environment variables
18:06:02.331 [FXGL Background Thread 2 ] DEBUG Engine               - achievements: []
18:06:02.332 [FXGL Background Thread 2 ] DEBUG Engine               - language: ObjectProperty [value: ENGLISH]
18:06:02.332 [FXGL Background Thread 2 ] DEBUG Engine               - isCloseConfirmation: false
18:06:02.332 [FXGL Background Thread 2 ] DEBUG Engine               - isProfilingEnabled: false
18:06:02.332 [FXGL Background Thread 2 ] DEBUG Engine               - soundNotification: core/notification.wav
18:06:02.333 [FXGL Background Thread 2 ] DEBUG Engine               - devShowBBoxProperty: BooleanProperty [value: false]
18:06:02.333 [FXGL Background Thread 2 ] DEBUG Engine               - pixelsPerMeter: 50.0
18:06:02.334 [FXGL Background Thread 2 ] DEBUG Engine               - appIcon: fxgl_icon.png
18:06:02.334 [FXGL Background Thread 2 ] DEBUG Engine               - soundMenuBack: menu/back.wav
18:06:02.334 [FXGL Background Thread 2 ] DEBUG Engine               - isFullScreenAllowed: false
18:06:02.335 [FXGL Background Thread 2 ] DEBUG Engine               - isIntroEnabled: false
18:06:02.335 [FXGL Background Thread 2 ] DEBUG Engine               - fontMono: lucida_console.ttf
18:06:02.335 [FXGL Background Thread 2 ] DEBUG Engine               - soundMenuSelect: menu/select.wav
18:06:02.336 [FXGL Background Thread 2 ] DEBUG Engine               - isWindows: true
18:06:02.336 [FXGL Background Thread 2 ] DEBUG Engine               - isMobile: false
18:06:02.336 [FXGL Background Thread 2 ] DEBUG Engine               - isUserProfileEnabled: false
18:06:02.337 [FXGL Background Thread 2 ] DEBUG Engine               - height: 600
18:06:02.338 [FXGL Background Thread 2 ] DEBUG Engine               - isExperimentalNative: false
18:06:02.338 [FXGL Background Thread 2 ] DEBUG Engine               - settings: Title: Untitled
Version: 0.0
Width: 800
Height: 600
Fullscreen: false
Intro: false
Menus: false
Profiling: false
Single step:false
App Mode: DEVELOPER
Menu Key: ESCAPE
Stage Style: DECORATED
Scene Factory: class com.almasb.fxgl.app.scene.SceneFactory

18:06:02.339 [FXGL Background Thread 2 ] DEBUG Engine               - isSingleStep: false
18:06:02.339 [FXGL Background Thread 2 ] DEBUG Engine               - cSSList: [fxgl_dark.css]
18:06:02.340 [FXGL Background Thread 2 ] DEBUG Engine               - fontGame: Abel-Regular.ttf
18:06:02.340 [FXGL Background Thread 2 ] DEBUG Engine               - menuKey: ESCAPE
18:06:02.340 [FXGL Background Thread 2 ] DEBUG Engine               - devShowPositionProperty: BooleanProperty [value: false]
18:06:02.341 [FXGL Background Thread 2 ] DEBUG Engine               - versionCheckDays: 7
18:06:02.341 [FXGL Background Thread 2 ] DEBUG Engine               - configClass: Optional.empty
18:06:02.342 [FXGL Background Thread 2 ] DEBUG Engine               - isFullScreenFromStart: false
18:06:02.342 [FXGL Background Thread 2 ] DEBUG Engine               - version: 0.0
18:06:02.342 [FXGL Background Thread 2 ] DEBUG Engine               - fullScreen: BooleanProperty [value: false]
18:06:02.342 [FXGL Background Thread 2 ] DEBUG Engine               - randomSeed: -1
18:06:02.343 [FXGL Background Thread 2 ] DEBUG Engine               - gameDifficultyProperty: ObjectProperty [value: MEDIUM]
18:06:02.343 [FXGL Background Thread 2 ] DEBUG Engine               - applicationMode: DEVELOPER
18:06:02.343 [FXGL Background Thread 2 ] DEBUG Engine               - isMac: false
18:06:02.343 [FXGL Background Thread 2 ] DEBUG Engine               - isMenuEnabled: false
18:06:02.343 [FXGL Background Thread 2 ] DEBUG Engine               - profileName: StringProperty [value: DEFAULT]
18:06:02.344 [FXGL Background Thread 2 ] DEBUG Engine               - urlPOM: https://raw.githubusercontent.com/AlmasB/FXGL/master/pom.xml
18:06:02.344 [FXGL Background Thread 2 ] DEBUG Engine               - notificationViewClass: class com.almasb.fxgl.notification.view.XboxNotificationView
18:06:02.344 [FXGL Background Thread 2 ] DEBUG Engine               - devSensorColorProperty: ObjectProperty [value: 0xffff00ff]
18:06:02.345 [FXGL Background Thread 2 ] DEBUG Engine               - sceneFactory: com.almasb.fxgl.app.scene.SceneFactory@18dc935d
18:06:02.345 [FXGL Background Thread 2 ] DEBUG Engine               - stageStyle: DECORATED
18:06:02.345 [FXGL Background Thread 2 ] DEBUG Engine               - isManualResizeEnabled: false
18:06:02.345 [FXGL Background Thread 2 ] DEBUG Engine               - title: Untitled
18:06:02.345 [FXGL Background Thread 2 ] DEBUG Engine               - platform: WINDOWS
18:06:02.346 [FXGL Background Thread 2 ] DEBUG Engine               - devBBoxColorProperty: ObjectProperty [value: 0xff0000ff]
18:06:02.346 [FXGL Background Thread 2 ] DEBUG Engine               - gameDifficulty: MEDIUM
18:06:02.346 [FXGL Background Thread 2 ] DEBUG Engine               - isDesktop: true
18:06:02.347 [FXGL Background Thread 2 ] DEBUG Engine               - supportedLanguages: [ENGLISH, FRENCH, GERMAN, HUNGARIAN, RUSSIAN]
18:06:02.347 [FXGL Background Thread 2 ] DEBUG Engine               - credits: []
18:06:02.347 [FXGL Background Thread 2 ] DEBUG Engine               - globalMusicVolumeProperty: DoubleProperty [value: 0.5]
18:06:02.347 [FXGL Background Thread 2 ] DEBUG Engine               - isPreserveResizeRatio: false
18:06:02.348 [FXGL Background Thread 2 ] DEBUG Engine               - fontText: Courier-Prime.ttf
18:06:02.348 [FXGL Background Thread 2 ] DEBUG Engine               - isExperimentalTiledLargeMap: false
18:06:02.348 [FXGL Background Thread 2 ] DEBUG Engine               - secondsIn24h: 60
18:06:02.348 [FXGL Background Thread 2 ] DEBUG Engine               - runtimeInfo: RuntimeInfo(platform=WINDOWS, version=11.8, build=08.03.2020 09.09)
18:06:02.349 [FXGL Background Thread 2 ] DEBUG Engine               - isLinux: false
18:06:02.349 [FXGL Background Thread 2 ] DEBUG Engine               - soundMenuPress: menu/press.wav
18:06:02.349 [FXGL Background Thread 2 ] DEBUG Engine               - urlGithub: https://github.com/AlmasB/FXGL
18:06:02.349 [FXGL Background Thread 2 ] DEBUG Engine               - profileDir: profiles/
18:06:02.349 [FXGL Background Thread 2 ] DEBUG Engine               - isDeveloperMenuEnabled: false
18:06:02.350 [FXGL Background Thread 2 ] DEBUG Engine               - globalSoundVolumeProperty: DoubleProperty [value: 0.5]
18:06:02.350 [FXGL Background Thread 2 ] DEBUG Engine               - mainWindow: com.almasb.fxgl.app.MainWindow@1ce3049e
18:06:02.350 [FXGL Background Thread 2 ] DEBUG Engine               - isBrowser: false
18:06:02.350 [FXGL Background Thread 2 ] DEBUG Engine               - urlLeaderboard: http://fxgl-top.herokuapp.com/
18:06:02.350 [FXGL Background Thread 2 ] DEBUG Engine               - globalSoundVolume: 0.5
18:06:02.351 [FXGL Background Thread 2 ] DEBUG Engine               - engineServices: [class com.almasb.fxgl.app.GameApplication$GameApplicationService, class com.almasb.fxgl.app.services.WindowService, class com.almasb.fxgl.app.services.FXGLDialogService, class com.almasb.fxgl.app.services.IOTaskExecutorService, class com.almasb.fxgl.event.EventBusService, class com.almasb.fxgl.io.FileSystemService, class com.almasb.fxgl.localization.LocalizationService, class com.almasb.fxgl.app.services.AssetLoaderService, class com.almasb.fxgl.app.services.SystemBundleService, class com.almasb.fxgl.profile.SaveLoadService, class com.almasb.fxgl.ui.FXGLUIFactoryServiceProvider, class com.almasb.fxgl.ui.FXGLDialogFactoryServiceProvider, class com.almasb.fxgl.audio.AudioPlayer, class com.almasb.fxgl.notification.impl.NotificationServiceProvider, class com.almasb.fxgl.achievement.AchievementService, class com.almasb.fxgl.cutscene.CutsceneService, class com.almasb.fxgl.minigames.MiniGameService, class com.almasb.fxgl.net.NetService, class com.almasb.fxgl.app.services.UpdaterService]
18:06:02.351 [FXGL Background Thread 2 ] DEBUG Engine               - globalMusicVolume: 0.5
18:06:02.351 [FXGL Background Thread 2 ] DEBUG Engine               - width: 800
18:06:02.351 [FXGL Background Thread 2 ] DEBUG Engine               - saveFileExt: sav
18:06:02.351 [FXGL Background Thread 2 ] DEBUG Engine               - isAndroid: false
18:06:02.351 [FXGL Background Thread 2 ] DEBUG Engine               - fontUI: VarelaRound-Regular.ttf
18:06:02.352 [FXGL Background Thread 2 ] DEBUG Engine               - enabledMenuItems: []
18:06:02.352 [FXGL Background Thread 2 ] DEBUG Engine               - isIOS: false
18:06:02.352 [FXGL Background Thread 2 ] DEBUG Engine               - Logging services
18:06:02.352 [FXGL Background Thread 2 ] DEBUG Engine               - class com.almasb.fxgl.app.GameApplication$GameApplicationService
18:06:02.353 [FXGL Background Thread 2 ] DEBUG Engine               - class com.almasb.fxgl.app.services.WindowService
18:06:02.353 [FXGL Background Thread 2 ] DEBUG Engine               - class com.almasb.fxgl.app.services.FXGLDialogService
18:06:02.353 [FXGL Background Thread 2 ] DEBUG Engine               - class com.almasb.fxgl.app.services.IOTaskExecutorService
18:06:02.353 [FXGL Background Thread 2 ] DEBUG Engine               - class com.almasb.fxgl.event.EventBusService
18:06:02.353 [FXGL Background Thread 2 ] DEBUG Engine               - class com.almasb.fxgl.io.FileSystemService
18:06:02.353 [FXGL Background Thread 2 ] DEBUG Engine               - class com.almasb.fxgl.localization.LocalizationService
18:06:02.354 [FXGL Background Thread 2 ] DEBUG Engine               - class com.almasb.fxgl.app.services.AssetLoaderService
18:06:02.354 [FXGL Background Thread 2 ] DEBUG Engine               - class com.almasb.fxgl.app.services.SystemBundleService
18:06:02.354 [FXGL Background Thread 2 ] DEBUG Engine               - class com.almasb.fxgl.profile.SaveLoadService
18:06:02.354 [FXGL Background Thread 2 ] DEBUG Engine               - class com.almasb.fxgl.ui.FXGLUIFactoryServiceProvider
18:06:02.355 [FXGL Background Thread 2 ] DEBUG Engine               - class com.almasb.fxgl.ui.FXGLDialogFactoryServiceProvider
18:06:02.355 [FXGL Background Thread 2 ] DEBUG Engine               - class com.almasb.fxgl.audio.AudioPlayer
18:06:02.355 [FXGL Background Thread 2 ] DEBUG Engine               - class com.almasb.fxgl.notification.impl.NotificationServiceProvider
18:06:02.356 [FXGL Background Thread 2 ] DEBUG Engine               - class com.almasb.fxgl.achievement.AchievementService
18:06:02.356 [FXGL Background Thread 2 ] DEBUG Engine               - class com.almasb.fxgl.cutscene.CutsceneService
18:06:02.356 [FXGL Background Thread 2 ] DEBUG Engine               - class com.almasb.fxgl.minigames.MiniGameService
18:06:02.356 [FXGL Background Thread 2 ] DEBUG Engine               - class com.almasb.fxgl.net.NetService
18:06:02.356 [FXGL Background Thread 2 ] DEBUG Engine               - class com.almasb.fxgl.app.services.UpdaterService
18:06:04.197 [JavaFX Application Thread] DEBUG GameApplication      - Exiting FXGL
18:06:04.197 [JavaFX Application Thread] DEBUG LoopRunner           - Stopping loop
18:06:04.197 [JavaFX Application Thread] DEBUG SystemBundleService  - Saving FXGL system data
18:06:04.198 [JavaFX Application Thread] DEBUG FileSystemAccess     - Writing to: C:\Users\Micael Prata\Documents\Java Projects\StarpewValley\system\fxgl.bundle
18:06:04.200 [JavaFX Application Thread] DEBUG GameApplication      - Shutting down background threads
18:06:04.200 [JavaFX Application Thread] DEBUG GameApplication      - Closing logger and exiting JavaFX
