16:45:10.902 [main                     ] DEBUG GameApplication      - Logger initialized
16:45:10.937 [main                     ] DEBUG GameApplication      - Logging settings
Title: Untitled
Version: 0.0
Width: 800
Height: 600
Fullscreen: false
Intro: false
Menus: false
Profiling: false
Single step:false
App Mode: DEVELOPER
Menu Key: ESCAPE
Stage Style: DECORATED
Scene Factory: class com.almasb.fxgl.app.scene.SceneFactory

16:45:11.390 [JavaFX Application Thread] DEBUG GameApplication      - Initializing FXGL
16:45:11.398 [JavaFX Application Thread] INFO  Engine               - FXGL-11.8 (08.03.2020 09.09) on WINDOWS (J:11.0.9 FX:13.0.2)
16:45:11.398 [JavaFX Application Thread] INFO  Engine               - Source code and latest versions at: https://github.com/AlmasB/FXGL
16:45:11.399 [JavaFX Application Thread] INFO  Engine               -              Join the FXGL chat at: https://gitter.im/AlmasB/FXGL
16:45:11.524 [JavaFX Application Thread] DEBUG MainWindow           - Creating a JavaFX scene
16:45:11.601 [JavaFX Application Thread] DEBUG MainWindow           - Target settings size: 800.0 x 600.0
16:45:11.601 [JavaFX Application Thread] DEBUG MainWindow           - Scaled scene size:    800.0 x 600.0
16:45:11.602 [JavaFX Application Thread] DEBUG MainWindow           - Scaled ratio: (1.0, 1.0)
16:45:11.604 [JavaFX Application Thread] DEBUG MainWindow           - Set initial scene to FXGLStartupScene
16:45:11.612 [JavaFX Application Thread] DEBUG MainWindow           - Opening main window
16:45:11.699 [JavaFX Application Thread] DEBUG MainWindow           - Window border size: (14.66668701171875, 37.33331298828125)
16:45:11.699 [JavaFX Application Thread] DEBUG MainWindow           - Scaled size: 800.0 x 600.0
16:45:11.699 [JavaFX Application Thread] DEBUG MainWindow           - Scaled ratio: (1.0, 1.0)
16:45:11.700 [JavaFX Application Thread] DEBUG MainWindow           - Scene size: 800.0 x 600.0
16:45:11.700 [JavaFX Application Thread] DEBUG MainWindow           - Stage size: 814.6666870117188 x 637.3333129882812
16:45:11.710 [FXGL Background Thread 1 ] DEBUG Engine               - Initializing environment variables
16:45:11.749 [FXGL Background Thread 1 ] DEBUG WindowService        - Applying CSS: fxgl_dark.css
16:45:11.751 [FXGL Background Thread 1 ] DEBUG AssetLoaderService   - Loading from file system: /assets/ui/css/fxgl_dark.css
16:45:11.816 [FXGL Background Thread 1 ] DEBUG WindowService        - Initializing application scenes
16:45:11.909 [FXGL Background Thread 1 ] DEBUG GameWorld            - Game world initialized
16:45:11.950 [FXGL Background Thread 1 ] DEBUG PhysicsWorld         - Physics world initialized: appHeight=600, physics.ppm=50,0
16:45:11.954 [FXGL Background Thread 1 ] DEBUG GameScene            - Game scene initialized: 800x600
16:45:11.963 [FXGL Background Thread 1 ] DEBUG Input                - Registered new binding: Resume - Esc
16:45:11.970 [FXGL Background Thread 1 ] DEBUG AssetLoaderService   - Loading from file system: /assets/textures/pause_menu_bg.png
16:45:12.028 [FXGL Background Thread 1 ] DEBUG Input                - Registered new binding: Pause - Esc
16:45:12.028 [FXGL Background Thread 1 ] DEBUG WindowService        - Application scenes initialized
16:45:12.037 [FXGL Background Thread 1 ] DEBUG SystemBundleService  - Loading FXGL system data
16:45:12.041 [FXGL Background Thread 1 ] DEBUG FileSystemAccess     - Reading from: C:\Users\Micael Prata\Documents\Java Projects\StarpewValley\system\fxgl.bundle
16:45:12.046 [FXGL Background Thread 1 ] DEBUG SystemBundleService  - Bundle FXGL: {}
16:45:12.046 [FXGL Background Thread 1 ] INFO  Engine               - FXGL initialization took: 0,334 sec
16:45:12.048 [FXGL Background Thread 1 ] DEBUG GameApplication      - Loading localizations
16:45:12.049 [FXGL Background Thread 1 ] DEBUG AssetLoaderService   - Loading from file system: /assets/properties/languages/english.properties
16:45:12.051 [FXGL Background Thread 1 ] DEBUG AssetLoaderService   - Loading from file system: /assets/properties/languages/french.properties
16:45:12.052 [FXGL Background Thread 1 ] DEBUG AssetLoaderService   - Loading from file system: /assets/properties/languages/german.properties
16:45:12.054 [FXGL Background Thread 1 ] DEBUG AssetLoaderService   - Loading from file system: /assets/properties/languages/hungarian.properties
16:45:12.056 [FXGL Background Thread 1 ] DEBUG AssetLoaderService   - Loading from file system: /assets/properties/languages/russian.properties
16:45:12.057 [FXGL Background Thread 1 ] DEBUG GameApplication      - Registering font factories with UI factory
16:45:12.057 [FXGL Background Thread 1 ] DEBUG AssetLoaderService   - Loading from file system: /assets/ui/fonts/VarelaRound-Regular.ttf
16:45:12.154 [FXGL Background Thread 1 ] DEBUG AssetLoaderService   - Loading from file system: /assets/ui/fonts/Abel-Regular.ttf
16:45:12.158 [FXGL Background Thread 1 ] DEBUG AssetLoaderService   - Loading from file system: /assets/ui/fonts/lucida_console.ttf
16:45:12.162 [FXGL Background Thread 1 ] DEBUG AssetLoaderService   - Loading from file system: /assets/ui/fonts/Courier-Prime.ttf
16:45:12.169 [JavaFX Application Thread] DEBUG Input                - Registered new binding: Right - D
16:45:12.169 [JavaFX Application Thread] DEBUG Input                - Registered new binding: Left - A
16:45:12.169 [JavaFX Application Thread] DEBUG Input                - Registered new binding: Down - S
16:45:12.169 [JavaFX Application Thread] DEBUG Input                - Registered new binding: Up - W
16:45:12.169 [JavaFX Application Thread] DEBUG AssetLoaderService   - Loading from file system: /assets/textures/fxgl_icon.png
16:45:12.192 [JavaFX Application Thread] DEBUG AssetLoaderService   - Loading from file system: /assets/ui/cursors/fxgl_default.png
16:45:12.194 [JavaFX Application Thread] DEBUG Input                - Registered new binding: Screenshot - P
16:45:12.195 [JavaFX Application Thread] DEBUG Input                - Registered new binding: System info dump - CTRL+9
16:45:12.195 [JavaFX Application Thread] DEBUG Input                - Registered new binding: Restart - CTRL+R
16:45:12.196 [JavaFX Application Thread] DEBUG LoopRunner           - Starting loop
16:45:12.208 [JavaFX Application Thread] DEBUG FXGLStartupScene     - STARTUP
16:45:12.208 [JavaFX Application Thread] DEBUG WindowService        - Starting new game
16:45:12.210 [JavaFX Application Thread] DEBUG Input                - Clearing active input actions
16:45:12.223 [JavaFX Application Thread] DEBUG WindowService        - Removing overlay from FXGLStartupScene and adding to FXGLLoadingScene
16:45:12.223 [JavaFX Application Thread] DEBUG MainWindow           - FXGLStartupScene -> FXGLLoadingScene
16:45:12.224 [JavaFX Application Thread] DEBUG WindowService        - Clearing previous game
16:45:12.224 [JavaFX Application Thread] DEBUG GameScene            - Clearing game scene
16:45:12.224 [JavaFX Application Thread] DEBUG GameWorld            - Clearing game world
16:45:12.224 [JavaFX Application Thread] DEBUG PhysicsWorld         - Clearing physics world
16:45:12.226 [FXGL Background Thread 1 ] DEBUG GameApplication      - Initializing game
16:45:12.270 [FXGL Background Thread 1 ] DEBUG AssetLoaderService   - Loading from file system: /assets/textures/Charactervector.png
16:45:12.276 [FXGL Background Thread 1 ] DEBUG AssetLoaderService   - Loading from cache: /assets/textures/Charactervector.png
16:45:12.276 [FXGL Background Thread 1 ] DEBUG AssetLoaderService   - Loading from cache: /assets/textures/Charactervector.png
16:45:12.276 [FXGL Background Thread 1 ] DEBUG AssetLoaderService   - Loading from cache: /assets/textures/Charactervector.png
16:45:12.280 [FXGL Background Thread 1 ] INFO  GameApplication      - Game initialization took: 0,054 sec
16:45:12.341 [JavaFX Application Thread] DEBUG Input                - Clearing active input actions
16:45:12.351 [JavaFX Application Thread] DEBUG WindowService        - Removing overlay from FXGLLoadingScene and adding to GameScene
16:45:12.351 [JavaFX Application Thread] DEBUG MainWindow           - FXGLLoadingScene -> GameScene
16:45:15.049 [FXGL Background Thread 2 ] DEBUG Engine               - Logging environment variables
16:45:15.049 [FXGL Background Thread 2 ] DEBUG Engine               - achievements: []
16:45:15.049 [FXGL Background Thread 2 ] DEBUG Engine               - language: ObjectProperty [value: ENGLISH]
16:45:15.050 [FXGL Background Thread 2 ] DEBUG Engine               - isCloseConfirmation: false
16:45:15.050 [FXGL Background Thread 2 ] DEBUG Engine               - isProfilingEnabled: false
16:45:15.050 [FXGL Background Thread 2 ] DEBUG Engine               - soundNotification: core/notification.wav
16:45:15.050 [FXGL Background Thread 2 ] DEBUG Engine               - devShowBBoxProperty: BooleanProperty [value: false]
16:45:15.051 [FXGL Background Thread 2 ] DEBUG Engine               - pixelsPerMeter: 50.0
16:45:15.051 [FXGL Background Thread 2 ] DEBUG Engine               - appIcon: fxgl_icon.png
16:45:15.051 [FXGL Background Thread 2 ] DEBUG Engine               - soundMenuBack: menu/back.wav
16:45:15.051 [FXGL Background Thread 2 ] DEBUG Engine               - isFullScreenAllowed: false
16:45:15.052 [FXGL Background Thread 2 ] DEBUG Engine               - isIntroEnabled: false
16:45:15.052 [FXGL Background Thread 2 ] DEBUG Engine               - fontMono: lucida_console.ttf
16:45:15.052 [FXGL Background Thread 2 ] DEBUG Engine               - soundMenuSelect: menu/select.wav
16:45:15.052 [FXGL Background Thread 2 ] DEBUG Engine               - isWindows: true
16:45:15.053 [FXGL Background Thread 2 ] DEBUG Engine               - isMobile: false
16:45:15.053 [FXGL Background Thread 2 ] DEBUG Engine               - isUserProfileEnabled: false
16:45:15.053 [FXGL Background Thread 2 ] DEBUG Engine               - height: 600
16:45:15.054 [FXGL Background Thread 2 ] DEBUG Engine               - isExperimentalNative: false
16:45:15.055 [FXGL Background Thread 2 ] DEBUG Engine               - settings: Title: Untitled
Version: 0.0
Width: 800
Height: 600
Fullscreen: false
Intro: false
Menus: false
Profiling: false
Single step:false
App Mode: DEVELOPER
Menu Key: ESCAPE
Stage Style: DECORATED
Scene Factory: class com.almasb.fxgl.app.scene.SceneFactory

16:45:15.055 [FXGL Background Thread 2 ] DEBUG Engine               - isSingleStep: false
16:45:15.055 [FXGL Background Thread 2 ] DEBUG Engine               - cSSList: [fxgl_dark.css]
16:45:15.056 [FXGL Background Thread 2 ] DEBUG Engine               - fontGame: Abel-Regular.ttf
16:45:15.056 [FXGL Background Thread 2 ] DEBUG Engine               - menuKey: ESCAPE
16:45:15.056 [FXGL Background Thread 2 ] DEBUG Engine               - devShowPositionProperty: BooleanProperty [value: false]
16:45:15.056 [FXGL Background Thread 2 ] DEBUG Engine               - versionCheckDays: 7
16:45:15.057 [FXGL Background Thread 2 ] DEBUG Engine               - configClass: Optional.empty
16:45:15.057 [FXGL Background Thread 2 ] DEBUG Engine               - isFullScreenFromStart: false
16:45:15.057 [FXGL Background Thread 2 ] DEBUG Engine               - version: 0.0
16:45:15.057 [FXGL Background Thread 2 ] DEBUG Engine               - fullScreen: BooleanProperty [value: false]
16:45:15.058 [FXGL Background Thread 2 ] DEBUG Engine               - randomSeed: -1
16:45:15.058 [FXGL Background Thread 2 ] DEBUG Engine               - gameDifficultyProperty: ObjectProperty [value: MEDIUM]
16:45:15.058 [FXGL Background Thread 2 ] DEBUG Engine               - applicationMode: DEVELOPER
16:45:15.059 [FXGL Background Thread 2 ] DEBUG Engine               - isMac: false
16:45:15.059 [FXGL Background Thread 2 ] DEBUG Engine               - isMenuEnabled: false
16:45:15.059 [FXGL Background Thread 2 ] DEBUG Engine               - urlPOM: https://raw.githubusercontent.com/AlmasB/FXGL/master/pom.xml
16:45:15.059 [FXGL Background Thread 2 ] DEBUG Engine               - profileName: StringProperty [value: DEFAULT]
16:45:15.060 [FXGL Background Thread 2 ] DEBUG Engine               - notificationViewClass: class com.almasb.fxgl.notification.view.XboxNotificationView
16:45:15.060 [FXGL Background Thread 2 ] DEBUG Engine               - devSensorColorProperty: ObjectProperty [value: 0xffff00ff]
16:45:15.060 [FXGL Background Thread 2 ] DEBUG Engine               - sceneFactory: com.almasb.fxgl.app.scene.SceneFactory@11b60672
16:45:15.061 [FXGL Background Thread 2 ] DEBUG Engine               - stageStyle: DECORATED
16:45:15.061 [FXGL Background Thread 2 ] DEBUG Engine               - isManualResizeEnabled: false
16:45:15.062 [FXGL Background Thread 2 ] DEBUG Engine               - title: Untitled
16:45:15.062 [FXGL Background Thread 2 ] DEBUG Engine               - platform: WINDOWS
16:45:15.063 [FXGL Background Thread 2 ] DEBUG Engine               - devBBoxColorProperty: ObjectProperty [value: 0xff0000ff]
16:45:15.063 [FXGL Background Thread 2 ] DEBUG Engine               - gameDifficulty: MEDIUM
16:45:15.063 [FXGL Background Thread 2 ] DEBUG Engine               - isDesktop: true
16:45:15.063 [FXGL Background Thread 2 ] DEBUG Engine               - supportedLanguages: [ENGLISH, FRENCH, GERMAN, HUNGARIAN, RUSSIAN]
16:45:15.063 [FXGL Background Thread 2 ] DEBUG Engine               - credits: []
16:45:15.063 [FXGL Background Thread 2 ] DEBUG Engine               - globalMusicVolumeProperty: DoubleProperty [value: 0.5]
16:45:15.063 [FXGL Background Thread 2 ] DEBUG Engine               - isPreserveResizeRatio: false
16:45:15.064 [FXGL Background Thread 2 ] DEBUG Engine               - fontText: Courier-Prime.ttf
16:45:15.064 [FXGL Background Thread 2 ] DEBUG Engine               - isExperimentalTiledLargeMap: false
16:45:15.064 [FXGL Background Thread 2 ] DEBUG Engine               - secondsIn24h: 60
16:45:15.064 [FXGL Background Thread 2 ] DEBUG Engine               - runtimeInfo: RuntimeInfo(platform=WINDOWS, version=11.8, build=08.03.2020 09.09)
16:45:15.064 [FXGL Background Thread 2 ] DEBUG Engine               - isLinux: false
16:45:15.065 [FXGL Background Thread 2 ] DEBUG Engine               - soundMenuPress: menu/press.wav
16:45:15.065 [FXGL Background Thread 2 ] DEBUG Engine               - urlGithub: https://github.com/AlmasB/FXGL
16:45:15.065 [FXGL Background Thread 2 ] DEBUG Engine               - profileDir: profiles/
16:45:15.065 [FXGL Background Thread 2 ] DEBUG Engine               - isDeveloperMenuEnabled: false
16:45:15.065 [FXGL Background Thread 2 ] DEBUG Engine               - globalSoundVolumeProperty: DoubleProperty [value: 0.5]
16:45:15.065 [FXGL Background Thread 2 ] DEBUG Engine               - mainWindow: com.almasb.fxgl.app.MainWindow@1589809c
16:45:15.065 [FXGL Background Thread 2 ] DEBUG Engine               - isBrowser: false
16:45:15.066 [FXGL Background Thread 2 ] DEBUG Engine               - urlLeaderboard: http://fxgl-top.herokuapp.com/
16:45:15.066 [FXGL Background Thread 2 ] DEBUG Engine               - globalSoundVolume: 0.5
16:45:15.066 [FXGL Background Thread 2 ] DEBUG Engine               - engineServices: [class com.almasb.fxgl.app.GameApplication$GameApplicationService, class com.almasb.fxgl.app.services.WindowService, class com.almasb.fxgl.app.services.FXGLDialogService, class com.almasb.fxgl.app.services.IOTaskExecutorService, class com.almasb.fxgl.event.EventBusService, class com.almasb.fxgl.io.FileSystemService, class com.almasb.fxgl.localization.LocalizationService, class com.almasb.fxgl.app.services.AssetLoaderService, class com.almasb.fxgl.app.services.SystemBundleService, class com.almasb.fxgl.profile.SaveLoadService, class com.almasb.fxgl.ui.FXGLUIFactoryServiceProvider, class com.almasb.fxgl.ui.FXGLDialogFactoryServiceProvider, class com.almasb.fxgl.audio.AudioPlayer, class com.almasb.fxgl.notification.impl.NotificationServiceProvider, class com.almasb.fxgl.achievement.AchievementService, class com.almasb.fxgl.cutscene.CutsceneService, class com.almasb.fxgl.minigames.MiniGameService, class com.almasb.fxgl.net.NetService, class com.almasb.fxgl.app.services.UpdaterService]
16:45:15.066 [FXGL Background Thread 2 ] DEBUG Engine               - globalMusicVolume: 0.5
16:45:15.066 [FXGL Background Thread 2 ] DEBUG Engine               - width: 800
16:45:15.067 [FXGL Background Thread 2 ] DEBUG Engine               - saveFileExt: sav
16:45:15.067 [FXGL Background Thread 2 ] DEBUG Engine               - isAndroid: false
16:45:15.067 [FXGL Background Thread 2 ] DEBUG Engine               - fontUI: VarelaRound-Regular.ttf
16:45:15.067 [FXGL Background Thread 2 ] DEBUG Engine               - enabledMenuItems: []
16:45:15.068 [FXGL Background Thread 2 ] DEBUG Engine               - isIOS: false
16:45:15.068 [FXGL Background Thread 2 ] DEBUG Engine               - Logging services
16:45:15.068 [FXGL Background Thread 2 ] DEBUG Engine               - class com.almasb.fxgl.app.GameApplication$GameApplicationService
16:45:15.068 [FXGL Background Thread 2 ] DEBUG Engine               - class com.almasb.fxgl.app.services.WindowService
16:45:15.069 [FXGL Background Thread 2 ] DEBUG Engine               - class com.almasb.fxgl.app.services.FXGLDialogService
16:45:15.069 [FXGL Background Thread 2 ] DEBUG Engine               - class com.almasb.fxgl.app.services.IOTaskExecutorService
16:45:15.069 [FXGL Background Thread 2 ] DEBUG Engine               - class com.almasb.fxgl.event.EventBusService
16:45:15.069 [FXGL Background Thread 2 ] DEBUG Engine               - class com.almasb.fxgl.io.FileSystemService
16:45:15.069 [FXGL Background Thread 2 ] DEBUG Engine               - class com.almasb.fxgl.localization.LocalizationService
16:45:15.070 [FXGL Background Thread 2 ] DEBUG Engine               - class com.almasb.fxgl.app.services.AssetLoaderService
16:45:15.070 [FXGL Background Thread 2 ] DEBUG Engine               - class com.almasb.fxgl.app.services.SystemBundleService
16:45:15.070 [FXGL Background Thread 2 ] DEBUG Engine               - class com.almasb.fxgl.profile.SaveLoadService
16:45:15.070 [FXGL Background Thread 2 ] DEBUG Engine               - class com.almasb.fxgl.ui.FXGLUIFactoryServiceProvider
16:45:15.070 [FXGL Background Thread 2 ] DEBUG Engine               - class com.almasb.fxgl.ui.FXGLDialogFactoryServiceProvider
16:45:15.070 [FXGL Background Thread 2 ] DEBUG Engine               - class com.almasb.fxgl.audio.AudioPlayer
16:45:15.071 [FXGL Background Thread 2 ] DEBUG Engine               - class com.almasb.fxgl.notification.impl.NotificationServiceProvider
16:45:15.071 [FXGL Background Thread 2 ] DEBUG Engine               - class com.almasb.fxgl.achievement.AchievementService
16:45:15.071 [FXGL Background Thread 2 ] DEBUG Engine               - class com.almasb.fxgl.cutscene.CutsceneService
16:45:15.071 [FXGL Background Thread 2 ] DEBUG Engine               - class com.almasb.fxgl.minigames.MiniGameService
16:45:15.071 [FXGL Background Thread 2 ] DEBUG Engine               - class com.almasb.fxgl.net.NetService
16:45:15.071 [FXGL Background Thread 2 ] DEBUG Engine               - class com.almasb.fxgl.app.services.UpdaterService
16:56:52.603 [JavaFX Application Thread] DEBUG GameApplication      - Exiting FXGL
16:56:52.603 [JavaFX Application Thread] DEBUG LoopRunner           - Stopping loop
16:56:52.604 [JavaFX Application Thread] DEBUG SystemBundleService  - Saving FXGL system data
16:56:52.606 [JavaFX Application Thread] DEBUG FileSystemAccess     - Writing to: C:\Users\Micael Prata\Documents\Java Projects\StarpewValley\system\fxgl.bundle
16:56:52.608 [JavaFX Application Thread] DEBUG GameApplication      - Shutting down background threads
16:56:52.608 [JavaFX Application Thread] DEBUG GameApplication      - Closing logger and exiting JavaFX
