18:00:22.565 [main                     ] DEBUG GameApplication      - Logger initialized
18:00:22.592 [main                     ] DEBUG GameApplication      - Logging settings
Title: Untitled
Version: 0.0
Width: 800
Height: 600
Fullscreen: false
Intro: false
Menus: false
Profiling: false
Single step:false
App Mode: DEVELOPER
Menu Key: ESCAPE
Stage Style: DECORATED
Scene Factory: class com.almasb.fxgl.app.scene.SceneFactory

18:00:23.028 [JavaFX Application Thread] DEBUG GameApplication      - Initializing FXGL
18:00:23.037 [JavaFX Application Thread] INFO  Engine               - FXGL-11.8 (08.03.2020 09.09) on WINDOWS (J:11.0.9 FX:13.0.2)
18:00:23.037 [JavaFX Application Thread] INFO  Engine               - Source code and latest versions at: https://github.com/AlmasB/FXGL
18:00:23.038 [JavaFX Application Thread] INFO  Engine               -              Join the FXGL chat at: https://gitter.im/AlmasB/FXGL
18:00:23.208 [JavaFX Application Thread] DEBUG MainWindow           - Creating a JavaFX scene
18:00:23.296 [JavaFX Application Thread] DEBUG MainWindow           - Target settings size: 800.0 x 600.0
18:00:23.296 [JavaFX Application Thread] DEBUG MainWindow           - Scaled scene size:    800.0 x 600.0
18:00:23.296 [JavaFX Application Thread] DEBUG MainWindow           - Scaled ratio: (1.0, 1.0)
18:00:23.298 [JavaFX Application Thread] DEBUG MainWindow           - Set initial scene to FXGLStartupScene
18:00:23.307 [JavaFX Application Thread] DEBUG MainWindow           - Opening main window
18:00:23.391 [JavaFX Application Thread] DEBUG MainWindow           - Window border size: (14.66668701171875, 37.33331298828125)
18:00:23.391 [JavaFX Application Thread] DEBUG MainWindow           - Scaled size: 800.0 x 600.0
18:00:23.391 [JavaFX Application Thread] DEBUG MainWindow           - Scaled ratio: (1.0, 1.0)
18:00:23.392 [JavaFX Application Thread] DEBUG MainWindow           - Scene size: 800.0 x 600.0
18:00:23.392 [JavaFX Application Thread] DEBUG MainWindow           - Stage size: 814.6666870117188 x 637.3333129882812
18:00:23.405 [FXGL Background Thread 1 ] DEBUG Engine               - Initializing environment variables
18:00:23.448 [FXGL Background Thread 1 ] DEBUG WindowService        - Applying CSS: fxgl_dark.css
18:00:23.449 [FXGL Background Thread 1 ] DEBUG AssetLoaderService   - Loading from file system: /assets/ui/css/fxgl_dark.css
18:00:23.523 [FXGL Background Thread 1 ] DEBUG WindowService        - Initializing application scenes
18:00:23.624 [FXGL Background Thread 1 ] DEBUG GameWorld            - Game world initialized
18:00:23.666 [FXGL Background Thread 1 ] DEBUG PhysicsWorld         - Physics world initialized: appHeight=600, physics.ppm=50,0
18:00:23.668 [FXGL Background Thread 1 ] DEBUG GameScene            - Game scene initialized: 800x600
18:00:23.680 [FXGL Background Thread 1 ] DEBUG Input                - Registered new binding: Resume - Esc
18:00:23.687 [FXGL Background Thread 1 ] DEBUG AssetLoaderService   - Loading from file system: /assets/textures/pause_menu_bg.png
18:00:23.749 [FXGL Background Thread 1 ] DEBUG Input                - Registered new binding: Pause - Esc
18:00:23.750 [FXGL Background Thread 1 ] DEBUG WindowService        - Application scenes initialized
18:00:23.764 [FXGL Background Thread 1 ] DEBUG SystemBundleService  - Loading FXGL system data
18:00:23.767 [FXGL Background Thread 1 ] DEBUG FileSystemAccess     - Reading from: C:\Users\Micael Prata\Documents\Java Projects\StarpewValley\system\fxgl.bundle
18:00:23.772 [FXGL Background Thread 1 ] DEBUG SystemBundleService  - Bundle FXGL: {}
18:00:23.772 [FXGL Background Thread 1 ] INFO  Engine               - FXGL initialization took: 0,365 sec
18:00:23.774 [FXGL Background Thread 1 ] DEBUG GameApplication      - Loading localizations
18:00:23.774 [FXGL Background Thread 1 ] DEBUG AssetLoaderService   - Loading from file system: /assets/properties/languages/english.properties
18:00:23.776 [FXGL Background Thread 1 ] DEBUG AssetLoaderService   - Loading from file system: /assets/properties/languages/french.properties
18:00:23.780 [FXGL Background Thread 1 ] DEBUG AssetLoaderService   - Loading from file system: /assets/properties/languages/german.properties
18:00:23.782 [FXGL Background Thread 1 ] DEBUG AssetLoaderService   - Loading from file system: /assets/properties/languages/hungarian.properties
18:00:23.784 [FXGL Background Thread 1 ] DEBUG AssetLoaderService   - Loading from file system: /assets/properties/languages/russian.properties
18:00:23.785 [FXGL Background Thread 1 ] DEBUG GameApplication      - Registering font factories with UI factory
18:00:23.785 [FXGL Background Thread 1 ] DEBUG AssetLoaderService   - Loading from file system: /assets/ui/fonts/VarelaRound-Regular.ttf
18:00:23.883 [FXGL Background Thread 1 ] DEBUG AssetLoaderService   - Loading from file system: /assets/ui/fonts/Abel-Regular.ttf
18:00:23.886 [FXGL Background Thread 1 ] DEBUG AssetLoaderService   - Loading from file system: /assets/ui/fonts/lucida_console.ttf
18:00:23.890 [FXGL Background Thread 1 ] DEBUG AssetLoaderService   - Loading from file system: /assets/ui/fonts/Courier-Prime.ttf
18:00:23.897 [JavaFX Application Thread] DEBUG LoopRunner           - Stopping loop
18:00:26.376 [JavaFX Application Thread] FATAL GameApplication      - Uncaught Exception:

Fatal exception occurred: java.lang.Error : Unresolved compilation problems: 
	Syntax error on token "(", ; expected
	Syntax error on token ")", ; expected
	Syntax error, insert "}" to complete ClassBody

E: starpew.SpriteSheetAnimationApp.initInput(SpriteSheetAnimationApp.java:109)
E: com.almasb.fxgl.app.GameApplication$GameApplicationService.onMainLoopStarting(GameApplication.java:378)
E: com.almasb.fxgl.app.Engine.startLoop(Engine.kt:145)
E: com.almasb.fxgl.app.GameApplication$FXGLApplication.lambda$start$2(GameApplication.java:254)
E: com.almasb.fxgl.core.concurrent.IOTask.succeed(IOTask.java:123)
E: com.almasb.fxgl.core.concurrent.IOTask$1.succeeded(IOTask.java:112)
E: javafx.concurrent.Task.setState(Task.java:726)
E: javafx.concurrent.Task$TaskCallable.lambda$call$1(Task.java:1436)
E: com.sun.javafx.application.PlatformImpl.lambda$runLater$10(PlatformImpl.java:428)
E: java.base/java.security.AccessController.doPrivileged(Native Method)
E: com.sun.javafx.application.PlatformImpl.lambda$runLater$11(PlatformImpl.java:427)
E: com.sun.glass.ui.InvokeLaterDispatcher$Future.run(InvokeLaterDispatcher.java:96)
E: com.sun.glass.ui.win.WinApplication._runLoop(Native Method)
E: com.sun.glass.ui.win.WinApplication.lambda$runLoop$3(WinApplication.java:174)
E: java.base/java.lang.Thread.run(Thread.java:834)

18:00:26.398 [JavaFX Application Thread] FATAL GameApplication      - Application will now exit
18:00:26.399 [JavaFX Application Thread] DEBUG GameApplication      - Exiting FXGL
18:00:26.399 [JavaFX Application Thread] DEBUG GameApplication      - Shutting down background threads
18:00:26.400 [JavaFX Application Thread] DEBUG GameApplication      - Closing logger and exiting JavaFX
