18:00:58.316 [main                     ] DEBUG GameApplication      - Logger initialized
18:00:58.347 [main                     ] DEBUG GameApplication      - Logging settings
Title: Untitled
Version: 0.0
Width: 800
Height: 600
Fullscreen: false
Intro: false
Menus: false
Profiling: false
Single step:false
App Mode: DEVELOPER
Menu Key: ESCAPE
Stage Style: DECORATED
Scene Factory: class com.almasb.fxgl.app.scene.SceneFactory

18:00:58.886 [JavaFX Application Thread] DEBUG GameApplication      - Initializing FXGL
18:00:58.896 [JavaFX Application Thread] INFO  Engine               - FXGL-11.8 (08.03.2020 09.09) on WINDOWS (J:11.0.9 FX:13.0.2)
18:00:58.897 [JavaFX Application Thread] INFO  Engine               - Source code and latest versions at: https://github.com/AlmasB/FXGL
18:00:58.897 [JavaFX Application Thread] INFO  Engine               -              Join the FXGL chat at: https://gitter.im/AlmasB/FXGL
18:00:59.056 [JavaFX Application Thread] DEBUG MainWindow           - Creating a JavaFX scene
18:00:59.155 [JavaFX Application Thread] DEBUG MainWindow           - Target settings size: 800.0 x 600.0
18:00:59.156 [JavaFX Application Thread] DEBUG MainWindow           - Scaled scene size:    800.0 x 600.0
18:00:59.156 [JavaFX Application Thread] DEBUG MainWindow           - Scaled ratio: (1.0, 1.0)
18:00:59.158 [JavaFX Application Thread] DEBUG MainWindow           - Set initial scene to FXGLStartupScene
18:00:59.171 [JavaFX Application Thread] DEBUG MainWindow           - Opening main window
18:00:59.267 [JavaFX Application Thread] DEBUG MainWindow           - Window border size: (14.66668701171875, 37.33331298828125)
18:00:59.268 [JavaFX Application Thread] DEBUG MainWindow           - Scaled size: 800.0 x 600.0
18:00:59.268 [JavaFX Application Thread] DEBUG MainWindow           - Scaled ratio: (1.0, 1.0)
18:00:59.268 [JavaFX Application Thread] DEBUG MainWindow           - Scene size: 800.0 x 600.0
18:00:59.268 [JavaFX Application Thread] DEBUG MainWindow           - Stage size: 814.6666870117188 x 637.3333129882812
18:00:59.279 [FXGL Background Thread 1 ] DEBUG Engine               - Initializing environment variables
18:00:59.330 [FXGL Background Thread 1 ] DEBUG WindowService        - Applying CSS: fxgl_dark.css
18:00:59.335 [FXGL Background Thread 1 ] DEBUG AssetLoaderService   - Loading from file system: /assets/ui/css/fxgl_dark.css
18:00:59.417 [FXGL Background Thread 1 ] DEBUG WindowService        - Initializing application scenes
18:00:59.523 [FXGL Background Thread 1 ] DEBUG GameWorld            - Game world initialized
18:00:59.570 [FXGL Background Thread 1 ] DEBUG PhysicsWorld         - Physics world initialized: appHeight=600, physics.ppm=50,0
18:00:59.573 [FXGL Background Thread 1 ] DEBUG GameScene            - Game scene initialized: 800x600
18:00:59.582 [FXGL Background Thread 1 ] DEBUG Input                - Registered new binding: Resume - Esc
18:00:59.587 [FXGL Background Thread 1 ] DEBUG AssetLoaderService   - Loading from file system: /assets/textures/pause_menu_bg.png
18:00:59.649 [FXGL Background Thread 1 ] DEBUG Input                - Registered new binding: Pause - Esc
18:00:59.649 [FXGL Background Thread 1 ] DEBUG WindowService        - Application scenes initialized
18:00:59.661 [FXGL Background Thread 1 ] DEBUG SystemBundleService  - Loading FXGL system data
18:00:59.667 [FXGL Background Thread 1 ] DEBUG FileSystemAccess     - Reading from: C:\Users\Micael Prata\Documents\Java Projects\StarpewValley\system\fxgl.bundle
18:00:59.672 [FXGL Background Thread 1 ] DEBUG SystemBundleService  - Bundle FXGL: {}
18:00:59.672 [FXGL Background Thread 1 ] INFO  Engine               - FXGL initialization took: 0,390 sec
18:00:59.675 [FXGL Background Thread 1 ] DEBUG GameApplication      - Loading localizations
18:00:59.675 [FXGL Background Thread 1 ] DEBUG AssetLoaderService   - Loading from file system: /assets/properties/languages/english.properties
18:00:59.677 [FXGL Background Thread 1 ] DEBUG AssetLoaderService   - Loading from file system: /assets/properties/languages/french.properties
18:00:59.679 [FXGL Background Thread 1 ] DEBUG AssetLoaderService   - Loading from file system: /assets/properties/languages/german.properties
18:00:59.681 [FXGL Background Thread 1 ] DEBUG AssetLoaderService   - Loading from file system: /assets/properties/languages/hungarian.properties
18:00:59.682 [FXGL Background Thread 1 ] DEBUG AssetLoaderService   - Loading from file system: /assets/properties/languages/russian.properties
18:00:59.684 [FXGL Background Thread 1 ] DEBUG GameApplication      - Registering font factories with UI factory
18:00:59.684 [FXGL Background Thread 1 ] DEBUG AssetLoaderService   - Loading from file system: /assets/ui/fonts/VarelaRound-Regular.ttf
18:00:59.822 [FXGL Background Thread 1 ] DEBUG AssetLoaderService   - Loading from file system: /assets/ui/fonts/Abel-Regular.ttf
18:00:59.826 [FXGL Background Thread 1 ] DEBUG AssetLoaderService   - Loading from file system: /assets/ui/fonts/lucida_console.ttf
18:00:59.834 [FXGL Background Thread 1 ] DEBUG AssetLoaderService   - Loading from file system: /assets/ui/fonts/Courier-Prime.ttf
18:00:59.842 [JavaFX Application Thread] DEBUG Input                - Registered new binding: Right - D
18:00:59.842 [JavaFX Application Thread] DEBUG Input                - Registered new binding: Left - A
18:00:59.842 [JavaFX Application Thread] DEBUG Input                - Registered new binding: Down - S
18:00:59.843 [JavaFX Application Thread] DEBUG Input                - Registered new binding: Up - W
18:00:59.843 [JavaFX Application Thread] DEBUG AssetLoaderService   - Loading from file system: /assets/textures/fxgl_icon.png
18:00:59.873 [JavaFX Application Thread] DEBUG AssetLoaderService   - Loading from file system: /assets/ui/cursors/fxgl_default.png
18:00:59.876 [JavaFX Application Thread] DEBUG Input                - Registered new binding: Screenshot - P
18:00:59.876 [JavaFX Application Thread] DEBUG Input                - Registered new binding: System info dump - CTRL+9
18:00:59.877 [JavaFX Application Thread] DEBUG Input                - Registered new binding: Restart - CTRL+R
18:00:59.879 [JavaFX Application Thread] DEBUG LoopRunner           - Starting loop
18:00:59.904 [JavaFX Application Thread] DEBUG FXGLStartupScene     - STARTUP
18:00:59.904 [JavaFX Application Thread] DEBUG WindowService        - Starting new game
18:00:59.907 [JavaFX Application Thread] DEBUG Input                - Clearing active input actions
18:00:59.921 [JavaFX Application Thread] DEBUG WindowService        - Removing overlay from FXGLStartupScene and adding to FXGLLoadingScene
18:00:59.922 [JavaFX Application Thread] DEBUG MainWindow           - FXGLStartupScene -> FXGLLoadingScene
18:00:59.922 [JavaFX Application Thread] DEBUG WindowService        - Clearing previous game
18:00:59.922 [JavaFX Application Thread] DEBUG GameScene            - Clearing game scene
18:00:59.922 [JavaFX Application Thread] DEBUG GameWorld            - Clearing game world
18:00:59.922 [JavaFX Application Thread] DEBUG PhysicsWorld         - Clearing physics world
18:00:59.924 [FXGL Background Thread 1 ] DEBUG GameApplication      - Initializing game
18:00:59.956 [FXGL Background Thread 1 ] DEBUG AssetLoaderService   - Loading from file system: /assets/textures/Charactervector.png
18:00:59.961 [FXGL Background Thread 1 ] DEBUG AssetLoaderService   - Loading from cache: /assets/textures/Charactervector.png
18:00:59.962 [FXGL Background Thread 1 ] DEBUG AssetLoaderService   - Loading from cache: /assets/textures/Charactervector.png
18:00:59.962 [FXGL Background Thread 1 ] DEBUG AssetLoaderService   - Loading from cache: /assets/textures/Charactervector.png
18:00:59.965 [FXGL Background Thread 1 ] INFO  GameApplication      - Game initialization took: 0,041 sec
18:01:00.062 [JavaFX Application Thread] DEBUG Input                - Clearing active input actions
18:01:00.087 [JavaFX Application Thread] DEBUG WindowService        - Removing overlay from FXGLLoadingScene and adding to GameScene
18:01:00.087 [JavaFX Application Thread] DEBUG MainWindow           - FXGLLoadingScene -> GameScene
18:01:02.675 [FXGL Background Thread 2 ] DEBUG Engine               - Logging environment variables
18:01:02.675 [FXGL Background Thread 2 ] DEBUG Engine               - achievements: []
18:01:02.676 [FXGL Background Thread 2 ] DEBUG Engine               - language: ObjectProperty [value: ENGLISH]
18:01:02.676 [FXGL Background Thread 2 ] DEBUG Engine               - isCloseConfirmation: false
18:01:02.676 [FXGL Background Thread 2 ] DEBUG Engine               - isProfilingEnabled: false
18:01:02.677 [FXGL Background Thread 2 ] DEBUG Engine               - soundNotification: core/notification.wav
18:01:02.677 [FXGL Background Thread 2 ] DEBUG Engine               - devShowBBoxProperty: BooleanProperty [value: false]
18:01:02.678 [FXGL Background Thread 2 ] DEBUG Engine               - pixelsPerMeter: 50.0
18:01:02.679 [FXGL Background Thread 2 ] DEBUG Engine               - appIcon: fxgl_icon.png
18:01:02.680 [FXGL Background Thread 2 ] DEBUG Engine               - soundMenuBack: menu/back.wav
18:01:02.681 [FXGL Background Thread 2 ] DEBUG Engine               - isFullScreenAllowed: false
18:01:02.681 [FXGL Background Thread 2 ] DEBUG Engine               - isIntroEnabled: false
18:01:02.681 [FXGL Background Thread 2 ] DEBUG Engine               - fontMono: lucida_console.ttf
18:01:02.682 [FXGL Background Thread 2 ] DEBUG Engine               - soundMenuSelect: menu/select.wav
18:01:02.682 [FXGL Background Thread 2 ] DEBUG Engine               - isWindows: true
18:01:02.682 [FXGL Background Thread 2 ] DEBUG Engine               - isMobile: false
18:01:02.682 [FXGL Background Thread 2 ] DEBUG Engine               - isUserProfileEnabled: false
18:01:02.683 [FXGL Background Thread 2 ] DEBUG Engine               - height: 600
18:01:02.683 [FXGL Background Thread 2 ] DEBUG Engine               - isExperimentalNative: false
18:01:02.683 [FXGL Background Thread 2 ] DEBUG Engine               - settings: Title: Untitled
Version: 0.0
Width: 800
Height: 600
Fullscreen: false
Intro: false
Menus: false
Profiling: false
Single step:false
App Mode: DEVELOPER
Menu Key: ESCAPE
Stage Style: DECORATED
Scene Factory: class com.almasb.fxgl.app.scene.SceneFactory

18:01:02.684 [FXGL Background Thread 2 ] DEBUG Engine               - cSSList: [fxgl_dark.css]
18:01:02.684 [FXGL Background Thread 2 ] DEBUG Engine               - isSingleStep: false
18:01:02.684 [FXGL Background Thread 2 ] DEBUG Engine               - fontGame: Abel-Regular.ttf
18:01:02.685 [FXGL Background Thread 2 ] DEBUG Engine               - menuKey: ESCAPE
18:01:02.685 [FXGL Background Thread 2 ] DEBUG Engine               - devShowPositionProperty: BooleanProperty [value: false]
18:01:02.685 [FXGL Background Thread 2 ] DEBUG Engine               - versionCheckDays: 7
18:01:02.685 [FXGL Background Thread 2 ] DEBUG Engine               - configClass: Optional.empty
18:01:02.686 [FXGL Background Thread 2 ] DEBUG Engine               - isFullScreenFromStart: false
18:01:02.686 [FXGL Background Thread 2 ] DEBUG Engine               - version: 0.0
18:01:02.686 [FXGL Background Thread 2 ] DEBUG Engine               - fullScreen: BooleanProperty [value: false]
18:01:02.687 [FXGL Background Thread 2 ] DEBUG Engine               - randomSeed: -1
18:01:02.687 [FXGL Background Thread 2 ] DEBUG Engine               - gameDifficultyProperty: ObjectProperty [value: MEDIUM]
18:01:02.688 [FXGL Background Thread 2 ] DEBUG Engine               - applicationMode: DEVELOPER
18:01:02.688 [FXGL Background Thread 2 ] DEBUG Engine               - isMac: false
18:01:02.688 [FXGL Background Thread 2 ] DEBUG Engine               - isMenuEnabled: false
18:01:02.688 [FXGL Background Thread 2 ] DEBUG Engine               - profileName: StringProperty [value: DEFAULT]
18:01:02.689 [FXGL Background Thread 2 ] DEBUG Engine               - urlPOM: https://raw.githubusercontent.com/AlmasB/FXGL/master/pom.xml
18:01:02.689 [FXGL Background Thread 2 ] DEBUG Engine               - notificationViewClass: class com.almasb.fxgl.notification.view.XboxNotificationView
18:01:02.690 [FXGL Background Thread 2 ] DEBUG Engine               - devSensorColorProperty: ObjectProperty [value: 0xffff00ff]
18:01:02.690 [FXGL Background Thread 2 ] DEBUG Engine               - sceneFactory: com.almasb.fxgl.app.scene.SceneFactory@18dc935d
18:01:02.690 [FXGL Background Thread 2 ] DEBUG Engine               - stageStyle: DECORATED
18:01:02.691 [FXGL Background Thread 2 ] DEBUG Engine               - isManualResizeEnabled: false
18:01:02.691 [FXGL Background Thread 2 ] DEBUG Engine               - title: Untitled
18:01:02.691 [FXGL Background Thread 2 ] DEBUG Engine               - platform: WINDOWS
18:01:02.692 [FXGL Background Thread 2 ] DEBUG Engine               - devBBoxColorProperty: ObjectProperty [value: 0xff0000ff]
18:01:02.692 [FXGL Background Thread 2 ] DEBUG Engine               - gameDifficulty: MEDIUM
18:01:02.692 [FXGL Background Thread 2 ] DEBUG Engine               - isDesktop: true
18:01:02.692 [FXGL Background Thread 2 ] DEBUG Engine               - supportedLanguages: [ENGLISH, FRENCH, GERMAN, HUNGARIAN, RUSSIAN]
18:01:02.693 [FXGL Background Thread 2 ] DEBUG Engine               - credits: []
18:01:02.693 [FXGL Background Thread 2 ] DEBUG Engine               - globalMusicVolumeProperty: DoubleProperty [value: 0.5]
18:01:02.693 [FXGL Background Thread 2 ] DEBUG Engine               - isPreserveResizeRatio: false
18:01:02.694 [FXGL Background Thread 2 ] DEBUG Engine               - fontText: Courier-Prime.ttf
18:01:02.694 [FXGL Background Thread 2 ] DEBUG Engine               - isExperimentalTiledLargeMap: false
18:01:02.697 [FXGL Background Thread 2 ] DEBUG Engine               - secondsIn24h: 60
18:01:02.698 [FXGL Background Thread 2 ] DEBUG Engine               - runtimeInfo: RuntimeInfo(platform=WINDOWS, version=11.8, build=08.03.2020 09.09)
18:01:02.698 [FXGL Background Thread 2 ] DEBUG Engine               - isLinux: false
18:01:02.698 [FXGL Background Thread 2 ] DEBUG Engine               - soundMenuPress: menu/press.wav
18:01:02.699 [FXGL Background Thread 2 ] DEBUG Engine               - urlGithub: https://github.com/AlmasB/FXGL
18:01:02.699 [FXGL Background Thread 2 ] DEBUG Engine               - profileDir: profiles/
18:01:02.699 [FXGL Background Thread 2 ] DEBUG Engine               - isDeveloperMenuEnabled: false
18:01:02.700 [FXGL Background Thread 2 ] DEBUG Engine               - globalSoundVolumeProperty: DoubleProperty [value: 0.5]
18:01:02.700 [FXGL Background Thread 2 ] DEBUG Engine               - mainWindow: com.almasb.fxgl.app.MainWindow@1ce3049e
18:01:02.700 [FXGL Background Thread 2 ] DEBUG Engine               - isBrowser: false
18:01:02.700 [FXGL Background Thread 2 ] DEBUG Engine               - urlLeaderboard: http://fxgl-top.herokuapp.com/
18:01:02.701 [FXGL Background Thread 2 ] DEBUG Engine               - globalSoundVolume: 0.5
18:01:02.701 [FXGL Background Thread 2 ] DEBUG Engine               - engineServices: [class com.almasb.fxgl.app.GameApplication$GameApplicationService, class com.almasb.fxgl.app.services.WindowService, class com.almasb.fxgl.app.services.FXGLDialogService, class com.almasb.fxgl.app.services.IOTaskExecutorService, class com.almasb.fxgl.event.EventBusService, class com.almasb.fxgl.io.FileSystemService, class com.almasb.fxgl.localization.LocalizationService, class com.almasb.fxgl.app.services.AssetLoaderService, class com.almasb.fxgl.app.services.SystemBundleService, class com.almasb.fxgl.profile.SaveLoadService, class com.almasb.fxgl.ui.FXGLUIFactoryServiceProvider, class com.almasb.fxgl.ui.FXGLDialogFactoryServiceProvider, class com.almasb.fxgl.audio.AudioPlayer, class com.almasb.fxgl.notification.impl.NotificationServiceProvider, class com.almasb.fxgl.achievement.AchievementService, class com.almasb.fxgl.cutscene.CutsceneService, class com.almasb.fxgl.minigames.MiniGameService, class com.almasb.fxgl.net.NetService, class com.almasb.fxgl.app.services.UpdaterService]
18:01:02.701 [FXGL Background Thread 2 ] DEBUG Engine               - globalMusicVolume: 0.5
18:01:02.701 [FXGL Background Thread 2 ] DEBUG Engine               - width: 800
18:01:02.702 [FXGL Background Thread 2 ] DEBUG Engine               - saveFileExt: sav
18:01:02.702 [FXGL Background Thread 2 ] DEBUG Engine               - isAndroid: false
18:01:02.702 [FXGL Background Thread 2 ] DEBUG Engine               - fontUI: VarelaRound-Regular.ttf
18:01:02.702 [FXGL Background Thread 2 ] DEBUG Engine               - enabledMenuItems: []
18:01:02.703 [FXGL Background Thread 2 ] DEBUG Engine               - isIOS: false
18:01:02.703 [FXGL Background Thread 2 ] DEBUG Engine               - Logging services
18:01:02.703 [FXGL Background Thread 2 ] DEBUG Engine               - class com.almasb.fxgl.app.GameApplication$GameApplicationService
18:01:02.703 [FXGL Background Thread 2 ] DEBUG Engine               - class com.almasb.fxgl.app.services.WindowService
18:01:02.703 [FXGL Background Thread 2 ] DEBUG Engine               - class com.almasb.fxgl.app.services.FXGLDialogService
18:01:02.704 [FXGL Background Thread 2 ] DEBUG Engine               - class com.almasb.fxgl.app.services.IOTaskExecutorService
18:01:02.704 [FXGL Background Thread 2 ] DEBUG Engine               - class com.almasb.fxgl.event.EventBusService
18:01:02.704 [FXGL Background Thread 2 ] DEBUG Engine               - class com.almasb.fxgl.io.FileSystemService
18:01:02.704 [FXGL Background Thread 2 ] DEBUG Engine               - class com.almasb.fxgl.localization.LocalizationService
18:01:02.704 [FXGL Background Thread 2 ] DEBUG Engine               - class com.almasb.fxgl.app.services.AssetLoaderService
18:01:02.704 [FXGL Background Thread 2 ] DEBUG Engine               - class com.almasb.fxgl.app.services.SystemBundleService
18:01:02.704 [FXGL Background Thread 2 ] DEBUG Engine               - class com.almasb.fxgl.profile.SaveLoadService
18:01:02.705 [FXGL Background Thread 2 ] DEBUG Engine               - class com.almasb.fxgl.ui.FXGLUIFactoryServiceProvider
18:01:02.705 [FXGL Background Thread 2 ] DEBUG Engine               - class com.almasb.fxgl.ui.FXGLDialogFactoryServiceProvider
18:01:02.705 [FXGL Background Thread 2 ] DEBUG Engine               - class com.almasb.fxgl.audio.AudioPlayer
18:01:02.705 [FXGL Background Thread 2 ] DEBUG Engine               - class com.almasb.fxgl.notification.impl.NotificationServiceProvider
18:01:02.705 [FXGL Background Thread 2 ] DEBUG Engine               - class com.almasb.fxgl.achievement.AchievementService
18:01:02.706 [FXGL Background Thread 2 ] DEBUG Engine               - class com.almasb.fxgl.cutscene.CutsceneService
18:01:02.706 [FXGL Background Thread 2 ] DEBUG Engine               - class com.almasb.fxgl.minigames.MiniGameService
18:01:02.706 [FXGL Background Thread 2 ] DEBUG Engine               - class com.almasb.fxgl.net.NetService
18:01:02.706 [FXGL Background Thread 2 ] DEBUG Engine               - class com.almasb.fxgl.app.services.UpdaterService
18:01:18.513 [JavaFX Application Thread] DEBUG GameApplication      - Exiting FXGL
18:01:18.514 [JavaFX Application Thread] DEBUG LoopRunner           - Stopping loop
18:01:18.514 [JavaFX Application Thread] DEBUG SystemBundleService  - Saving FXGL system data
18:01:18.515 [JavaFX Application Thread] DEBUG FileSystemAccess     - Writing to: C:\Users\Micael Prata\Documents\Java Projects\StarpewValley\system\fxgl.bundle
18:01:18.517 [JavaFX Application Thread] DEBUG GameApplication      - Shutting down background threads
18:01:18.517 [JavaFX Application Thread] DEBUG GameApplication      - Closing logger and exiting JavaFX
