18:08:27.372 [main                     ] DEBUG GameApplication      - Logger initialized
18:08:27.398 [main                     ] DEBUG GameApplication      - Logging settings
Title: Untitled
Version: 0.0
Width: 800
Height: 600
Fullscreen: false
Intro: false
Menus: false
Profiling: false
Single step:false
App Mode: DEVELOPER
Menu Key: ESCAPE
Stage Style: DECORATED
Scene Factory: class com.almasb.fxgl.app.scene.SceneFactory

18:08:27.846 [JavaFX Application Thread] DEBUG GameApplication      - Initializing FXGL
18:08:27.854 [JavaFX Application Thread] INFO  Engine               - FXGL-11.8 (08.03.2020 09.09) on WINDOWS (J:11.0.9 FX:13.0.2)
18:08:27.854 [JavaFX Application Thread] INFO  Engine               - Source code and latest versions at: https://github.com/AlmasB/FXGL
18:08:27.855 [JavaFX Application Thread] INFO  Engine               -              Join the FXGL chat at: https://gitter.im/AlmasB/FXGL
18:08:28.001 [JavaFX Application Thread] DEBUG MainWindow           - Creating a JavaFX scene
18:08:28.078 [JavaFX Application Thread] DEBUG MainWindow           - Target settings size: 800.0 x 600.0
18:08:28.078 [JavaFX Application Thread] DEBUG MainWindow           - Scaled scene size:    800.0 x 600.0
18:08:28.078 [JavaFX Application Thread] DEBUG MainWindow           - Scaled ratio: (1.0, 1.0)
18:08:28.080 [JavaFX Application Thread] DEBUG MainWindow           - Set initial scene to FXGLStartupScene
18:08:28.091 [JavaFX Application Thread] DEBUG MainWindow           - Opening main window
18:08:28.175 [JavaFX Application Thread] DEBUG MainWindow           - Window border size: (14.66668701171875, 37.33331298828125)
18:08:28.175 [JavaFX Application Thread] DEBUG MainWindow           - Scaled size: 800.0 x 600.0
18:08:28.175 [JavaFX Application Thread] DEBUG MainWindow           - Scaled ratio: (1.0, 1.0)
18:08:28.176 [JavaFX Application Thread] DEBUG MainWindow           - Scene size: 800.0 x 600.0
18:08:28.176 [JavaFX Application Thread] DEBUG MainWindow           - Stage size: 814.6666870117188 x 637.3333129882812
18:08:28.194 [FXGL Background Thread 1 ] DEBUG Engine               - Initializing environment variables
18:08:28.239 [FXGL Background Thread 1 ] DEBUG WindowService        - Applying CSS: fxgl_dark.css
18:08:28.239 [FXGL Background Thread 1 ] DEBUG AssetLoaderService   - Loading from file system: /assets/ui/css/fxgl_dark.css
18:08:28.312 [FXGL Background Thread 1 ] DEBUG WindowService        - Initializing application scenes
18:08:28.415 [FXGL Background Thread 1 ] DEBUG GameWorld            - Game world initialized
18:08:28.460 [FXGL Background Thread 1 ] DEBUG PhysicsWorld         - Physics world initialized: appHeight=600, physics.ppm=50,0
18:08:28.462 [FXGL Background Thread 1 ] DEBUG GameScene            - Game scene initialized: 800x600
18:08:28.477 [FXGL Background Thread 1 ] DEBUG Input                - Registered new binding: Resume - Esc
18:08:28.484 [FXGL Background Thread 1 ] DEBUG AssetLoaderService   - Loading from file system: /assets/textures/pause_menu_bg.png
18:08:28.547 [FXGL Background Thread 1 ] DEBUG Input                - Registered new binding: Pause - Esc
18:08:28.547 [FXGL Background Thread 1 ] DEBUG WindowService        - Application scenes initialized
18:08:28.558 [FXGL Background Thread 1 ] DEBUG SystemBundleService  - Loading FXGL system data
18:08:28.561 [FXGL Background Thread 1 ] DEBUG FileSystemAccess     - Reading from: C:\Users\Micael Prata\Documents\Java Projects\StarpewValley\system\fxgl.bundle
18:08:28.566 [FXGL Background Thread 1 ] DEBUG SystemBundleService  - Bundle FXGL: {}
18:08:28.567 [FXGL Background Thread 1 ] INFO  Engine               - FXGL initialization took: 0,366 sec
18:08:28.569 [FXGL Background Thread 1 ] DEBUG GameApplication      - Loading localizations
18:08:28.570 [FXGL Background Thread 1 ] DEBUG AssetLoaderService   - Loading from file system: /assets/properties/languages/english.properties
18:08:28.571 [FXGL Background Thread 1 ] DEBUG AssetLoaderService   - Loading from file system: /assets/properties/languages/french.properties
18:08:28.572 [FXGL Background Thread 1 ] DEBUG AssetLoaderService   - Loading from file system: /assets/properties/languages/german.properties
18:08:28.574 [FXGL Background Thread 1 ] DEBUG AssetLoaderService   - Loading from file system: /assets/properties/languages/hungarian.properties
18:08:28.575 [FXGL Background Thread 1 ] DEBUG AssetLoaderService   - Loading from file system: /assets/properties/languages/russian.properties
18:08:28.576 [FXGL Background Thread 1 ] DEBUG GameApplication      - Registering font factories with UI factory
18:08:28.576 [FXGL Background Thread 1 ] DEBUG AssetLoaderService   - Loading from file system: /assets/ui/fonts/VarelaRound-Regular.ttf
18:08:28.670 [FXGL Background Thread 1 ] DEBUG AssetLoaderService   - Loading from file system: /assets/ui/fonts/Abel-Regular.ttf
18:08:28.673 [FXGL Background Thread 1 ] DEBUG AssetLoaderService   - Loading from file system: /assets/ui/fonts/lucida_console.ttf
18:08:28.678 [FXGL Background Thread 1 ] DEBUG AssetLoaderService   - Loading from file system: /assets/ui/fonts/Courier-Prime.ttf
18:08:28.685 [JavaFX Application Thread] DEBUG Input                - Registered new binding: Right - D
18:08:28.686 [JavaFX Application Thread] DEBUG Input                - Registered new binding: Left - A
18:08:28.686 [JavaFX Application Thread] DEBUG Input                - Registered new binding: Down - S
18:08:28.686 [JavaFX Application Thread] DEBUG Input                - Registered new binding: Up - W
18:08:28.686 [JavaFX Application Thread] DEBUG AssetLoaderService   - Loading from file system: /assets/textures/fxgl_icon.png
18:08:28.713 [JavaFX Application Thread] DEBUG AssetLoaderService   - Loading from file system: /assets/ui/cursors/fxgl_default.png
18:08:28.717 [JavaFX Application Thread] DEBUG Input                - Registered new binding: Screenshot - P
18:08:28.718 [JavaFX Application Thread] DEBUG Input                - Registered new binding: System info dump - CTRL+9
18:08:28.718 [JavaFX Application Thread] DEBUG Input                - Registered new binding: Restart - CTRL+R
18:08:28.719 [JavaFX Application Thread] DEBUG LoopRunner           - Starting loop
18:08:28.730 [JavaFX Application Thread] DEBUG FXGLStartupScene     - STARTUP
18:08:28.730 [JavaFX Application Thread] DEBUG WindowService        - Starting new game
18:08:28.734 [JavaFX Application Thread] DEBUG Input                - Clearing active input actions
18:08:28.746 [JavaFX Application Thread] DEBUG WindowService        - Removing overlay from FXGLStartupScene and adding to FXGLLoadingScene
18:08:28.746 [JavaFX Application Thread] DEBUG MainWindow           - FXGLStartupScene -> FXGLLoadingScene
18:08:28.746 [JavaFX Application Thread] DEBUG WindowService        - Clearing previous game
18:08:28.746 [JavaFX Application Thread] DEBUG GameScene            - Clearing game scene
18:08:28.746 [JavaFX Application Thread] DEBUG GameWorld            - Clearing game world
18:08:28.746 [JavaFX Application Thread] DEBUG PhysicsWorld         - Clearing physics world
18:08:28.757 [FXGL Background Thread 1 ] DEBUG GameApplication      - Initializing game
18:08:28.788 [FXGL Background Thread 1 ] DEBUG AssetLoaderService   - Loading from file system: /assets/textures/Charactervector.png
18:08:28.796 [FXGL Background Thread 1 ] DEBUG AssetLoaderService   - Loading from cache: /assets/textures/Charactervector.png
18:08:28.797 [FXGL Background Thread 1 ] DEBUG AssetLoaderService   - Loading from cache: /assets/textures/Charactervector.png
18:08:28.797 [FXGL Background Thread 1 ] DEBUG AssetLoaderService   - Loading from cache: /assets/textures/Charactervector.png
18:08:28.803 [FXGL Background Thread 1 ] INFO  GameApplication      - Game initialization took: 0,048 sec
18:08:28.852 [JavaFX Application Thread] DEBUG Input                - Clearing active input actions
18:08:28.861 [JavaFX Application Thread] DEBUG WindowService        - Removing overlay from FXGLLoadingScene and adding to GameScene
18:08:28.862 [JavaFX Application Thread] DEBUG MainWindow           - FXGLLoadingScene -> GameScene
18:08:31.569 [FXGL Background Thread 2 ] DEBUG Engine               - Logging environment variables
18:08:31.569 [FXGL Background Thread 2 ] DEBUG Engine               - achievements: []
18:08:31.569 [FXGL Background Thread 2 ] DEBUG Engine               - language: ObjectProperty [value: ENGLISH]
18:08:31.570 [FXGL Background Thread 2 ] DEBUG Engine               - isCloseConfirmation: false
18:08:31.570 [FXGL Background Thread 2 ] DEBUG Engine               - isProfilingEnabled: false
18:08:31.570 [FXGL Background Thread 2 ] DEBUG Engine               - soundNotification: core/notification.wav
18:08:31.571 [FXGL Background Thread 2 ] DEBUG Engine               - devShowBBoxProperty: BooleanProperty [value: false]
18:08:31.571 [FXGL Background Thread 2 ] DEBUG Engine               - pixelsPerMeter: 50.0
18:08:31.571 [FXGL Background Thread 2 ] DEBUG Engine               - appIcon: fxgl_icon.png
18:08:31.572 [FXGL Background Thread 2 ] DEBUG Engine               - soundMenuBack: menu/back.wav
18:08:31.572 [FXGL Background Thread 2 ] DEBUG Engine               - isFullScreenAllowed: false
18:08:31.572 [FXGL Background Thread 2 ] DEBUG Engine               - isIntroEnabled: false
18:08:31.573 [FXGL Background Thread 2 ] DEBUG Engine               - fontMono: lucida_console.ttf
18:08:31.573 [FXGL Background Thread 2 ] DEBUG Engine               - soundMenuSelect: menu/select.wav
18:08:31.574 [FXGL Background Thread 2 ] DEBUG Engine               - isWindows: true
18:08:31.574 [FXGL Background Thread 2 ] DEBUG Engine               - isMobile: false
18:08:31.574 [FXGL Background Thread 2 ] DEBUG Engine               - isUserProfileEnabled: false
18:08:31.574 [FXGL Background Thread 2 ] DEBUG Engine               - height: 600
18:08:31.575 [FXGL Background Thread 2 ] DEBUG Engine               - isExperimentalNative: false
18:08:31.575 [FXGL Background Thread 2 ] DEBUG Engine               - settings: Title: Untitled
Version: 0.0
Width: 800
Height: 600
Fullscreen: false
Intro: false
Menus: false
Profiling: false
Single step:false
App Mode: DEVELOPER
Menu Key: ESCAPE
Stage Style: DECORATED
Scene Factory: class com.almasb.fxgl.app.scene.SceneFactory

18:08:31.575 [FXGL Background Thread 2 ] DEBUG Engine               - isSingleStep: false
18:08:31.575 [FXGL Background Thread 2 ] DEBUG Engine               - cSSList: [fxgl_dark.css]
18:08:31.576 [FXGL Background Thread 2 ] DEBUG Engine               - fontGame: Abel-Regular.ttf
18:08:31.576 [FXGL Background Thread 2 ] DEBUG Engine               - menuKey: ESCAPE
18:08:31.576 [FXGL Background Thread 2 ] DEBUG Engine               - devShowPositionProperty: BooleanProperty [value: false]
18:08:31.576 [FXGL Background Thread 2 ] DEBUG Engine               - versionCheckDays: 7
18:08:31.577 [FXGL Background Thread 2 ] DEBUG Engine               - configClass: Optional.empty
18:08:31.577 [FXGL Background Thread 2 ] DEBUG Engine               - isFullScreenFromStart: false
18:08:31.577 [FXGL Background Thread 2 ] DEBUG Engine               - version: 0.0
18:08:31.578 [FXGL Background Thread 2 ] DEBUG Engine               - fullScreen: BooleanProperty [value: false]
18:08:31.578 [FXGL Background Thread 2 ] DEBUG Engine               - randomSeed: -1
18:08:31.578 [FXGL Background Thread 2 ] DEBUG Engine               - gameDifficultyProperty: ObjectProperty [value: MEDIUM]
18:08:31.579 [FXGL Background Thread 2 ] DEBUG Engine               - applicationMode: DEVELOPER
18:08:31.579 [FXGL Background Thread 2 ] DEBUG Engine               - isMac: false
18:08:31.579 [FXGL Background Thread 2 ] DEBUG Engine               - isMenuEnabled: false
18:08:31.579 [FXGL Background Thread 2 ] DEBUG Engine               - urlPOM: https://raw.githubusercontent.com/AlmasB/FXGL/master/pom.xml
18:08:31.580 [FXGL Background Thread 2 ] DEBUG Engine               - profileName: StringProperty [value: DEFAULT]
18:08:31.580 [FXGL Background Thread 2 ] DEBUG Engine               - notificationViewClass: class com.almasb.fxgl.notification.view.XboxNotificationView
18:08:31.581 [FXGL Background Thread 2 ] DEBUG Engine               - devSensorColorProperty: ObjectProperty [value: 0xffff00ff]
18:08:31.581 [FXGL Background Thread 2 ] DEBUG Engine               - sceneFactory: com.almasb.fxgl.app.scene.SceneFactory@526a205b
18:08:31.582 [FXGL Background Thread 2 ] DEBUG Engine               - stageStyle: DECORATED
18:08:31.582 [FXGL Background Thread 2 ] DEBUG Engine               - isManualResizeEnabled: false
18:08:31.583 [FXGL Background Thread 2 ] DEBUG Engine               - title: Untitled
18:08:31.583 [FXGL Background Thread 2 ] DEBUG Engine               - platform: WINDOWS
18:08:31.584 [FXGL Background Thread 2 ] DEBUG Engine               - devBBoxColorProperty: ObjectProperty [value: 0xff0000ff]
18:08:31.584 [FXGL Background Thread 2 ] DEBUG Engine               - gameDifficulty: MEDIUM
18:08:31.584 [FXGL Background Thread 2 ] DEBUG Engine               - isDesktop: true
18:08:31.585 [FXGL Background Thread 2 ] DEBUG Engine               - supportedLanguages: [ENGLISH, FRENCH, GERMAN, HUNGARIAN, RUSSIAN]
18:08:31.585 [FXGL Background Thread 2 ] DEBUG Engine               - credits: []
18:08:31.585 [FXGL Background Thread 2 ] DEBUG Engine               - globalMusicVolumeProperty: DoubleProperty [value: 0.5]
18:08:31.586 [FXGL Background Thread 2 ] DEBUG Engine               - isPreserveResizeRatio: false
18:08:31.586 [FXGL Background Thread 2 ] DEBUG Engine               - fontText: Courier-Prime.ttf
18:08:31.586 [FXGL Background Thread 2 ] DEBUG Engine               - isExperimentalTiledLargeMap: false
18:08:31.586 [FXGL Background Thread 2 ] DEBUG Engine               - secondsIn24h: 60
18:08:31.586 [FXGL Background Thread 2 ] DEBUG Engine               - runtimeInfo: RuntimeInfo(platform=WINDOWS, version=11.8, build=08.03.2020 09.09)
18:08:31.587 [FXGL Background Thread 2 ] DEBUG Engine               - isLinux: false
18:08:31.587 [FXGL Background Thread 2 ] DEBUG Engine               - soundMenuPress: menu/press.wav
18:08:31.587 [FXGL Background Thread 2 ] DEBUG Engine               - urlGithub: https://github.com/AlmasB/FXGL
18:08:31.587 [FXGL Background Thread 2 ] DEBUG Engine               - profileDir: profiles/
18:08:31.587 [FXGL Background Thread 2 ] DEBUG Engine               - isDeveloperMenuEnabled: false
18:08:31.587 [FXGL Background Thread 2 ] DEBUG Engine               - globalSoundVolumeProperty: DoubleProperty [value: 0.5]
18:08:31.588 [FXGL Background Thread 2 ] DEBUG Engine               - mainWindow: com.almasb.fxgl.app.MainWindow@5655bece
18:08:31.588 [FXGL Background Thread 2 ] DEBUG Engine               - isBrowser: false
18:08:31.588 [FXGL Background Thread 2 ] DEBUG Engine               - urlLeaderboard: http://fxgl-top.herokuapp.com/
18:08:31.588 [FXGL Background Thread 2 ] DEBUG Engine               - globalSoundVolume: 0.5
18:08:31.588 [FXGL Background Thread 2 ] DEBUG Engine               - engineServices: [class com.almasb.fxgl.app.GameApplication$GameApplicationService, class com.almasb.fxgl.app.services.WindowService, class com.almasb.fxgl.app.services.FXGLDialogService, class com.almasb.fxgl.app.services.IOTaskExecutorService, class com.almasb.fxgl.event.EventBusService, class com.almasb.fxgl.io.FileSystemService, class com.almasb.fxgl.localization.LocalizationService, class com.almasb.fxgl.app.services.AssetLoaderService, class com.almasb.fxgl.app.services.SystemBundleService, class com.almasb.fxgl.profile.SaveLoadService, class com.almasb.fxgl.ui.FXGLUIFactoryServiceProvider, class com.almasb.fxgl.ui.FXGLDialogFactoryServiceProvider, class com.almasb.fxgl.audio.AudioPlayer, class com.almasb.fxgl.notification.impl.NotificationServiceProvider, class com.almasb.fxgl.achievement.AchievementService, class com.almasb.fxgl.cutscene.CutsceneService, class com.almasb.fxgl.minigames.MiniGameService, class com.almasb.fxgl.net.NetService, class com.almasb.fxgl.app.services.UpdaterService]
18:08:31.588 [FXGL Background Thread 2 ] DEBUG Engine               - globalMusicVolume: 0.5
18:08:31.588 [FXGL Background Thread 2 ] DEBUG Engine               - width: 800
18:08:31.589 [FXGL Background Thread 2 ] DEBUG Engine               - saveFileExt: sav
18:08:31.589 [FXGL Background Thread 2 ] DEBUG Engine               - isAndroid: false
18:08:31.589 [FXGL Background Thread 2 ] DEBUG Engine               - fontUI: VarelaRound-Regular.ttf
18:08:31.590 [FXGL Background Thread 2 ] DEBUG Engine               - enabledMenuItems: []
18:08:31.590 [FXGL Background Thread 2 ] DEBUG Engine               - isIOS: false
18:08:31.590 [FXGL Background Thread 2 ] DEBUG Engine               - Logging services
18:08:31.590 [FXGL Background Thread 2 ] DEBUG Engine               - class com.almasb.fxgl.app.GameApplication$GameApplicationService
18:08:31.590 [FXGL Background Thread 2 ] DEBUG Engine               - class com.almasb.fxgl.app.services.WindowService
18:08:31.590 [FXGL Background Thread 2 ] DEBUG Engine               - class com.almasb.fxgl.app.services.FXGLDialogService
18:08:31.590 [FXGL Background Thread 2 ] DEBUG Engine               - class com.almasb.fxgl.app.services.IOTaskExecutorService
18:08:31.590 [FXGL Background Thread 2 ] DEBUG Engine               - class com.almasb.fxgl.event.EventBusService
18:08:31.591 [FXGL Background Thread 2 ] DEBUG Engine               - class com.almasb.fxgl.io.FileSystemService
18:08:31.591 [FXGL Background Thread 2 ] DEBUG Engine               - class com.almasb.fxgl.localization.LocalizationService
18:08:31.591 [FXGL Background Thread 2 ] DEBUG Engine               - class com.almasb.fxgl.app.services.AssetLoaderService
18:08:31.591 [FXGL Background Thread 2 ] DEBUG Engine               - class com.almasb.fxgl.app.services.SystemBundleService
18:08:31.591 [FXGL Background Thread 2 ] DEBUG Engine               - class com.almasb.fxgl.profile.SaveLoadService
18:08:31.591 [FXGL Background Thread 2 ] DEBUG Engine               - class com.almasb.fxgl.ui.FXGLUIFactoryServiceProvider
18:08:31.591 [FXGL Background Thread 2 ] DEBUG Engine               - class com.almasb.fxgl.ui.FXGLDialogFactoryServiceProvider
18:08:31.591 [FXGL Background Thread 2 ] DEBUG Engine               - class com.almasb.fxgl.audio.AudioPlayer
18:08:31.591 [FXGL Background Thread 2 ] DEBUG Engine               - class com.almasb.fxgl.notification.impl.NotificationServiceProvider
18:08:31.591 [FXGL Background Thread 2 ] DEBUG Engine               - class com.almasb.fxgl.achievement.AchievementService
18:08:31.592 [FXGL Background Thread 2 ] DEBUG Engine               - class com.almasb.fxgl.cutscene.CutsceneService
18:08:31.592 [FXGL Background Thread 2 ] DEBUG Engine               - class com.almasb.fxgl.minigames.MiniGameService
18:08:31.592 [FXGL Background Thread 2 ] DEBUG Engine               - class com.almasb.fxgl.net.NetService
18:08:31.592 [FXGL Background Thread 2 ] DEBUG Engine               - class com.almasb.fxgl.app.services.UpdaterService
18:08:37.060 [JavaFX Application Thread] DEBUG LoopRunner           - Stopping loop
18:08:47.271 [JavaFX Application Thread] FATAL GameApplication      - Uncaught Exception:

Fatal exception occurred: java.lang.NullPointerException : null
E: starpew.SpriteSheetAnimationApp$2.onAction(SpriteSheetAnimationApp.java:54)
E: com.almasb.fxgl.input.UserAction.action$fxgl_input(UserAction.kt:38)
E: com.almasb.fxgl.input.Input.update(Input.kt:164)
E: com.almasb.fxgl.scene.Scene.update(Scene.kt:73)
E: com.almasb.fxgl.app.MainWindow$update$1.invoke(MainWindow.kt:208)
E: com.almasb.fxgl.app.MainWindow$update$1.invoke(MainWindow.kt:38)
E: com.almasb.fxgl.core.fsm.StateMachine.runOnActiveStates(StateMachine.kt:60)
E: com.almasb.fxgl.app.MainWindow.update(MainWindow.kt:208)
E: com.almasb.fxgl.app.services.WindowService.onUpdate(WindowService.kt:115)
E: com.almasb.fxgl.app.Engine.loop(Engine.kt:129)
E: com.almasb.fxgl.app.Engine.access$loop(Engine.kt:25)
E: com.almasb.fxgl.app.Engine$loop$1.invoke(Engine.kt:29)
E: com.almasb.fxgl.app.Engine$loop$1.invoke(Engine.kt:25)
E: com.almasb.fxgl.app.LoopRunner.frame(LoopRunner.kt:86)
E: com.almasb.fxgl.app.LoopRunner.access$frame(LoopRunner.kt:17)
E: com.almasb.fxgl.app.LoopRunner$impl$2$1.handle(LoopRunner.kt:37)
E: javafx.animation.AnimationTimer$AnimationTimerReceiver.lambda$handle$0(AnimationTimer.java:57)
E: java.base/java.security.AccessController.doPrivileged(Native Method)
E: javafx.animation.AnimationTimer$AnimationTimerReceiver.handle(AnimationTimer.java:56)
E: com.sun.scenario.animation.AbstractMasterTimer.timePulseImpl(AbstractMasterTimer.java:357)
E: com.sun.scenario.animation.AbstractMasterTimer$MainLoop.run(AbstractMasterTimer.java:267)
E: com.sun.javafx.tk.quantum.QuantumToolkit.pulse(QuantumToolkit.java:559)
E: com.sun.javafx.tk.quantum.QuantumToolkit.pulse(QuantumToolkit.java:543)
E: com.sun.javafx.tk.quantum.QuantumToolkit.pulseFromQueue(QuantumToolkit.java:536)
E: com.sun.javafx.tk.quantum.QuantumToolkit.lambda$runToolkit$11(QuantumToolkit.java:342)
E: com.sun.glass.ui.InvokeLaterDispatcher$Future.run(InvokeLaterDispatcher.java:96)
E: com.sun.glass.ui.win.WinApplication._runLoop(Native Method)
E: com.sun.glass.ui.win.WinApplication.lambda$runLoop$3(WinApplication.java:174)
E: java.base/java.lang.Thread.run(Thread.java:834)

18:08:47.291 [JavaFX Application Thread] FATAL GameApplication      - Application will now exit
18:08:47.291 [JavaFX Application Thread] DEBUG GameApplication      - Exiting FXGL
18:08:47.291 [JavaFX Application Thread] DEBUG GameApplication      - Shutting down background threads
18:08:47.291 [JavaFX Application Thread] DEBUG GameApplication      - Closing logger and exiting JavaFX
