17:24:05.045 [main                     ] DEBUG GameApplication      - Logger initialized
17:24:05.071 [main                     ] DEBUG GameApplication      - Logging settings
Title: Untitled
Version: 0.0
Width: 800
Height: 600
Fullscreen: false
Intro: false
Menus: false
Profiling: false
Single step:false
App Mode: DEVELOPER
Menu Key: ESCAPE
Stage Style: DECORATED
Scene Factory: class com.almasb.fxgl.app.scene.SceneFactory

17:24:05.510 [JavaFX Application Thread] DEBUG GameApplication      - Initializing FXGL
17:24:05.518 [JavaFX Application Thread] INFO  Engine               - FXGL-11.8 (08.03.2020 09.09) on WINDOWS (J:11.0.9 FX:13.0.2)
17:24:05.519 [JavaFX Application Thread] INFO  Engine               - Source code and latest versions at: https://github.com/AlmasB/FXGL
17:24:05.520 [JavaFX Application Thread] INFO  Engine               -              Join the FXGL chat at: https://gitter.im/AlmasB/FXGL
17:24:05.644 [JavaFX Application Thread] DEBUG MainWindow           - Creating a JavaFX scene
17:24:05.720 [JavaFX Application Thread] DEBUG MainWindow           - Target settings size: 800.0 x 600.0
17:24:05.721 [JavaFX Application Thread] DEBUG MainWindow           - Scaled scene size:    800.0 x 600.0
17:24:05.721 [JavaFX Application Thread] DEBUG MainWindow           - Scaled ratio: (1.0, 1.0)
17:24:05.723 [JavaFX Application Thread] DEBUG MainWindow           - Set initial scene to FXGLStartupScene
17:24:05.733 [JavaFX Application Thread] DEBUG MainWindow           - Opening main window
17:24:05.818 [JavaFX Application Thread] DEBUG MainWindow           - Window border size: (14.66668701171875, 37.33331298828125)
17:24:05.819 [JavaFX Application Thread] DEBUG MainWindow           - Scaled size: 800.0 x 600.0
17:24:05.819 [JavaFX Application Thread] DEBUG MainWindow           - Scaled ratio: (1.0, 1.0)
17:24:05.819 [JavaFX Application Thread] DEBUG MainWindow           - Scene size: 800.0 x 600.0
17:24:05.820 [JavaFX Application Thread] DEBUG MainWindow           - Stage size: 814.6666870117188 x 637.3333129882812
17:24:05.829 [FXGL Background Thread 1 ] DEBUG Engine               - Initializing environment variables
17:24:05.873 [FXGL Background Thread 1 ] DEBUG WindowService        - Applying CSS: fxgl_dark.css
17:24:05.873 [FXGL Background Thread 1 ] DEBUG AssetLoaderService   - Loading from file system: /assets/ui/css/fxgl_dark.css
17:24:05.961 [FXGL Background Thread 1 ] DEBUG WindowService        - Initializing application scenes
17:24:06.102 [FXGL Background Thread 1 ] DEBUG GameWorld            - Game world initialized
17:24:06.155 [FXGL Background Thread 1 ] DEBUG PhysicsWorld         - Physics world initialized: appHeight=600, physics.ppm=50,0
17:24:06.159 [FXGL Background Thread 1 ] DEBUG GameScene            - Game scene initialized: 800x600
17:24:06.174 [FXGL Background Thread 1 ] DEBUG Input                - Registered new binding: Resume - Esc
17:24:06.179 [FXGL Background Thread 1 ] DEBUG AssetLoaderService   - Loading from file system: /assets/textures/pause_menu_bg.png
17:24:06.239 [FXGL Background Thread 1 ] DEBUG Input                - Registered new binding: Pause - Esc
17:24:06.239 [FXGL Background Thread 1 ] DEBUG WindowService        - Application scenes initialized
17:24:06.249 [FXGL Background Thread 1 ] DEBUG SystemBundleService  - Loading FXGL system data
17:24:06.254 [FXGL Background Thread 1 ] DEBUG FileSystemAccess     - Reading from: C:\Users\Micael Prata\Documents\Java Projects\StarpewValley\system\fxgl.bundle
17:24:06.258 [FXGL Background Thread 1 ] DEBUG SystemBundleService  - Bundle FXGL: {}
17:24:06.258 [FXGL Background Thread 1 ] INFO  Engine               - FXGL initialization took: 0,421 sec
17:24:06.260 [FXGL Background Thread 1 ] DEBUG GameApplication      - Loading localizations
17:24:06.261 [FXGL Background Thread 1 ] DEBUG AssetLoaderService   - Loading from file system: /assets/properties/languages/english.properties
17:24:06.262 [FXGL Background Thread 1 ] DEBUG AssetLoaderService   - Loading from file system: /assets/properties/languages/french.properties
17:24:06.263 [FXGL Background Thread 1 ] DEBUG AssetLoaderService   - Loading from file system: /assets/properties/languages/german.properties
17:24:06.264 [FXGL Background Thread 1 ] DEBUG AssetLoaderService   - Loading from file system: /assets/properties/languages/hungarian.properties
17:24:06.266 [FXGL Background Thread 1 ] DEBUG AssetLoaderService   - Loading from file system: /assets/properties/languages/russian.properties
17:24:06.268 [FXGL Background Thread 1 ] DEBUG GameApplication      - Registering font factories with UI factory
17:24:06.268 [FXGL Background Thread 1 ] DEBUG AssetLoaderService   - Loading from file system: /assets/ui/fonts/VarelaRound-Regular.ttf
17:24:06.372 [FXGL Background Thread 1 ] DEBUG AssetLoaderService   - Loading from file system: /assets/ui/fonts/Abel-Regular.ttf
17:24:06.375 [FXGL Background Thread 1 ] DEBUG AssetLoaderService   - Loading from file system: /assets/ui/fonts/lucida_console.ttf
17:24:06.380 [FXGL Background Thread 1 ] DEBUG AssetLoaderService   - Loading from file system: /assets/ui/fonts/Courier-Prime.ttf
17:24:06.386 [JavaFX Application Thread] DEBUG Input                - Registered new binding: Right - D
17:24:06.386 [JavaFX Application Thread] DEBUG Input                - Registered new binding: Left - A
17:24:06.386 [JavaFX Application Thread] DEBUG Input                - Registered new binding: Down - S
17:24:06.387 [JavaFX Application Thread] DEBUG Input                - Registered new binding: Up - W
17:24:06.387 [JavaFX Application Thread] DEBUG AssetLoaderService   - Loading from file system: /assets/textures/fxgl_icon.png
17:24:06.412 [JavaFX Application Thread] DEBUG AssetLoaderService   - Loading from file system: /assets/ui/cursors/fxgl_default.png
17:24:06.413 [JavaFX Application Thread] DEBUG Input                - Registered new binding: Screenshot - P
17:24:06.414 [JavaFX Application Thread] DEBUG Input                - Registered new binding: System info dump - CTRL+9
17:24:06.414 [JavaFX Application Thread] DEBUG Input                - Registered new binding: Restart - CTRL+R
17:24:06.415 [JavaFX Application Thread] DEBUG LoopRunner           - Starting loop
17:24:06.426 [JavaFX Application Thread] DEBUG FXGLStartupScene     - STARTUP
17:24:06.426 [JavaFX Application Thread] DEBUG WindowService        - Starting new game
17:24:06.429 [JavaFX Application Thread] DEBUG Input                - Clearing active input actions
17:24:06.444 [JavaFX Application Thread] DEBUG WindowService        - Removing overlay from FXGLStartupScene and adding to FXGLLoadingScene
17:24:06.444 [JavaFX Application Thread] DEBUG MainWindow           - FXGLStartupScene -> FXGLLoadingScene
17:24:06.444 [JavaFX Application Thread] DEBUG WindowService        - Clearing previous game
17:24:06.444 [JavaFX Application Thread] DEBUG GameScene            - Clearing game scene
17:24:06.444 [JavaFX Application Thread] DEBUG GameWorld            - Clearing game world
17:24:06.445 [JavaFX Application Thread] DEBUG PhysicsWorld         - Clearing physics world
17:24:06.446 [FXGL Background Thread 1 ] DEBUG GameApplication      - Initializing game
17:24:06.503 [JavaFX Application Thread] DEBUG LoopRunner           - Stopping loop
17:24:09.261 [FXGL Background Thread 2 ] DEBUG Engine               - Logging environment variables
17:24:09.261 [FXGL Background Thread 2 ] DEBUG Engine               - achievements: []
17:24:09.261 [FXGL Background Thread 2 ] DEBUG Engine               - language: ObjectProperty [value: ENGLISH]
17:24:09.261 [FXGL Background Thread 2 ] DEBUG Engine               - isCloseConfirmation: false
17:24:09.262 [FXGL Background Thread 2 ] DEBUG Engine               - isProfilingEnabled: false
17:24:09.262 [FXGL Background Thread 2 ] DEBUG Engine               - soundNotification: core/notification.wav
17:24:09.262 [FXGL Background Thread 2 ] DEBUG Engine               - devShowBBoxProperty: BooleanProperty [value: false]
17:24:09.262 [FXGL Background Thread 2 ] DEBUG Engine               - pixelsPerMeter: 50.0
17:24:09.262 [FXGL Background Thread 2 ] DEBUG Engine               - appIcon: fxgl_icon.png
17:24:09.262 [FXGL Background Thread 2 ] DEBUG Engine               - soundMenuBack: menu/back.wav
17:24:09.262 [FXGL Background Thread 2 ] DEBUG Engine               - isFullScreenAllowed: false
17:24:09.262 [FXGL Background Thread 2 ] DEBUG Engine               - isIntroEnabled: false
17:24:09.262 [FXGL Background Thread 2 ] DEBUG Engine               - fontMono: lucida_console.ttf
17:24:09.263 [FXGL Background Thread 2 ] DEBUG Engine               - soundMenuSelect: menu/select.wav
17:24:09.263 [FXGL Background Thread 2 ] DEBUG Engine               - isWindows: true
17:24:09.263 [FXGL Background Thread 2 ] DEBUG Engine               - isMobile: false
17:24:09.263 [FXGL Background Thread 2 ] DEBUG Engine               - isUserProfileEnabled: false
17:24:09.263 [FXGL Background Thread 2 ] DEBUG Engine               - height: 600
17:24:09.263 [FXGL Background Thread 2 ] DEBUG Engine               - isExperimentalNative: false
17:24:09.264 [FXGL Background Thread 2 ] DEBUG Engine               - settings: Title: Untitled
Version: 0.0
Width: 800
Height: 600
Fullscreen: false
Intro: false
Menus: false
Profiling: false
Single step:false
App Mode: DEVELOPER
Menu Key: ESCAPE
Stage Style: DECORATED
Scene Factory: class com.almasb.fxgl.app.scene.SceneFactory

17:24:09.264 [FXGL Background Thread 2 ] DEBUG Engine               - cSSList: [fxgl_dark.css]
17:24:09.264 [FXGL Background Thread 2 ] DEBUG Engine               - isSingleStep: false
17:24:09.264 [FXGL Background Thread 2 ] DEBUG Engine               - fontGame: Abel-Regular.ttf
17:24:09.264 [FXGL Background Thread 2 ] DEBUG Engine               - menuKey: ESCAPE
17:24:09.264 [FXGL Background Thread 2 ] DEBUG Engine               - devShowPositionProperty: BooleanProperty [value: false]
17:24:09.264 [FXGL Background Thread 2 ] DEBUG Engine               - versionCheckDays: 7
17:24:09.265 [FXGL Background Thread 2 ] DEBUG Engine               - configClass: Optional.empty
17:24:09.265 [FXGL Background Thread 2 ] DEBUG Engine               - isFullScreenFromStart: false
17:24:09.265 [FXGL Background Thread 2 ] DEBUG Engine               - version: 0.0
17:24:09.265 [FXGL Background Thread 2 ] DEBUG Engine               - fullScreen: BooleanProperty [value: false]
17:24:09.265 [FXGL Background Thread 2 ] DEBUG Engine               - randomSeed: -1
17:24:09.265 [FXGL Background Thread 2 ] DEBUG Engine               - gameDifficultyProperty: ObjectProperty [value: MEDIUM]
17:24:09.266 [FXGL Background Thread 2 ] DEBUG Engine               - applicationMode: DEVELOPER
17:24:09.266 [FXGL Background Thread 2 ] DEBUG Engine               - isMac: false
17:24:09.266 [FXGL Background Thread 2 ] DEBUG Engine               - isMenuEnabled: false
17:24:09.266 [FXGL Background Thread 2 ] DEBUG Engine               - urlPOM: https://raw.githubusercontent.com/AlmasB/FXGL/master/pom.xml
17:24:09.266 [FXGL Background Thread 2 ] DEBUG Engine               - profileName: StringProperty [value: DEFAULT]
17:24:09.266 [FXGL Background Thread 2 ] DEBUG Engine               - notificationViewClass: class com.almasb.fxgl.notification.view.XboxNotificationView
17:24:09.267 [FXGL Background Thread 2 ] DEBUG Engine               - devSensorColorProperty: ObjectProperty [value: 0xffff00ff]
17:24:09.267 [FXGL Background Thread 2 ] DEBUG Engine               - sceneFactory: com.almasb.fxgl.app.scene.SceneFactory@287c7ef2
17:24:09.267 [FXGL Background Thread 2 ] DEBUG Engine               - stageStyle: DECORATED
17:24:09.270 [FXGL Background Thread 2 ] DEBUG Engine               - isManualResizeEnabled: false
17:24:09.270 [FXGL Background Thread 2 ] DEBUG Engine               - title: Untitled
17:24:09.270 [FXGL Background Thread 2 ] DEBUG Engine               - platform: WINDOWS
17:24:09.270 [FXGL Background Thread 2 ] DEBUG Engine               - devBBoxColorProperty: ObjectProperty [value: 0xff0000ff]
17:24:09.270 [FXGL Background Thread 2 ] DEBUG Engine               - gameDifficulty: MEDIUM
17:24:09.270 [FXGL Background Thread 2 ] DEBUG Engine               - isDesktop: true
17:24:09.271 [FXGL Background Thread 2 ] DEBUG Engine               - supportedLanguages: [ENGLISH, FRENCH, GERMAN, HUNGARIAN, RUSSIAN]
17:24:09.271 [FXGL Background Thread 2 ] DEBUG Engine               - credits: []
17:24:09.271 [FXGL Background Thread 2 ] DEBUG Engine               - globalMusicVolumeProperty: DoubleProperty [value: 0.5]
17:24:09.271 [FXGL Background Thread 2 ] DEBUG Engine               - isPreserveResizeRatio: false
17:24:09.271 [FXGL Background Thread 2 ] DEBUG Engine               - fontText: Courier-Prime.ttf
17:24:09.271 [FXGL Background Thread 2 ] DEBUG Engine               - isExperimentalTiledLargeMap: false
17:24:09.271 [FXGL Background Thread 2 ] DEBUG Engine               - secondsIn24h: 60
17:24:09.272 [FXGL Background Thread 2 ] DEBUG Engine               - runtimeInfo: RuntimeInfo(platform=WINDOWS, version=11.8, build=08.03.2020 09.09)
17:24:09.272 [FXGL Background Thread 2 ] DEBUG Engine               - isLinux: false
17:24:09.272 [FXGL Background Thread 2 ] DEBUG Engine               - soundMenuPress: menu/press.wav
17:24:09.272 [FXGL Background Thread 2 ] DEBUG Engine               - urlGithub: https://github.com/AlmasB/FXGL
17:24:09.272 [FXGL Background Thread 2 ] DEBUG Engine               - profileDir: profiles/
17:24:09.272 [FXGL Background Thread 2 ] DEBUG Engine               - isDeveloperMenuEnabled: false
17:24:09.272 [FXGL Background Thread 2 ] DEBUG Engine               - globalSoundVolumeProperty: DoubleProperty [value: 0.5]
17:24:09.272 [FXGL Background Thread 2 ] DEBUG Engine               - mainWindow: com.almasb.fxgl.app.MainWindow@2c43ef25
17:24:09.272 [FXGL Background Thread 2 ] DEBUG Engine               - isBrowser: false
17:24:09.272 [FXGL Background Thread 2 ] DEBUG Engine               - urlLeaderboard: http://fxgl-top.herokuapp.com/
17:24:09.273 [FXGL Background Thread 2 ] DEBUG Engine               - globalSoundVolume: 0.5
17:24:09.273 [FXGL Background Thread 2 ] DEBUG Engine               - engineServices: [class com.almasb.fxgl.app.GameApplication$GameApplicationService, class com.almasb.fxgl.app.services.WindowService, class com.almasb.fxgl.app.services.FXGLDialogService, class com.almasb.fxgl.app.services.IOTaskExecutorService, class com.almasb.fxgl.event.EventBusService, class com.almasb.fxgl.io.FileSystemService, class com.almasb.fxgl.localization.LocalizationService, class com.almasb.fxgl.app.services.AssetLoaderService, class com.almasb.fxgl.app.services.SystemBundleService, class com.almasb.fxgl.profile.SaveLoadService, class com.almasb.fxgl.ui.FXGLUIFactoryServiceProvider, class com.almasb.fxgl.ui.FXGLDialogFactoryServiceProvider, class com.almasb.fxgl.audio.AudioPlayer, class com.almasb.fxgl.notification.impl.NotificationServiceProvider, class com.almasb.fxgl.achievement.AchievementService, class com.almasb.fxgl.cutscene.CutsceneService, class com.almasb.fxgl.minigames.MiniGameService, class com.almasb.fxgl.net.NetService, class com.almasb.fxgl.app.services.UpdaterService]
17:24:09.273 [FXGL Background Thread 2 ] DEBUG Engine               - globalMusicVolume: 0.5
17:24:09.273 [FXGL Background Thread 2 ] DEBUG Engine               - width: 800
17:24:09.273 [FXGL Background Thread 2 ] DEBUG Engine               - saveFileExt: sav
17:24:09.273 [FXGL Background Thread 2 ] DEBUG Engine               - isAndroid: false
17:24:09.273 [FXGL Background Thread 2 ] DEBUG Engine               - fontUI: VarelaRound-Regular.ttf
17:24:09.274 [FXGL Background Thread 2 ] DEBUG Engine               - enabledMenuItems: []
17:24:09.274 [FXGL Background Thread 2 ] DEBUG Engine               - isIOS: false
17:24:09.274 [FXGL Background Thread 2 ] DEBUG Engine               - Logging services
17:24:09.274 [FXGL Background Thread 2 ] DEBUG Engine               - class com.almasb.fxgl.app.GameApplication$GameApplicationService
17:24:09.274 [FXGL Background Thread 2 ] DEBUG Engine               - class com.almasb.fxgl.app.services.WindowService
17:24:09.274 [FXGL Background Thread 2 ] DEBUG Engine               - class com.almasb.fxgl.app.services.FXGLDialogService
17:24:09.274 [FXGL Background Thread 2 ] DEBUG Engine               - class com.almasb.fxgl.app.services.IOTaskExecutorService
17:24:09.274 [FXGL Background Thread 2 ] DEBUG Engine               - class com.almasb.fxgl.event.EventBusService
17:24:09.275 [FXGL Background Thread 2 ] DEBUG Engine               - class com.almasb.fxgl.io.FileSystemService
17:24:09.275 [FXGL Background Thread 2 ] DEBUG Engine               - class com.almasb.fxgl.localization.LocalizationService
17:24:09.275 [FXGL Background Thread 2 ] DEBUG Engine               - class com.almasb.fxgl.app.services.AssetLoaderService
17:24:09.275 [FXGL Background Thread 2 ] DEBUG Engine               - class com.almasb.fxgl.app.services.SystemBundleService
17:24:09.275 [FXGL Background Thread 2 ] DEBUG Engine               - class com.almasb.fxgl.profile.SaveLoadService
17:24:09.275 [FXGL Background Thread 2 ] DEBUG Engine               - class com.almasb.fxgl.ui.FXGLUIFactoryServiceProvider
17:24:09.275 [FXGL Background Thread 2 ] DEBUG Engine               - class com.almasb.fxgl.ui.FXGLDialogFactoryServiceProvider
17:24:09.275 [FXGL Background Thread 2 ] DEBUG Engine               - class com.almasb.fxgl.audio.AudioPlayer
17:24:09.275 [FXGL Background Thread 2 ] DEBUG Engine               - class com.almasb.fxgl.notification.impl.NotificationServiceProvider
17:24:09.275 [FXGL Background Thread 2 ] DEBUG Engine               - class com.almasb.fxgl.achievement.AchievementService
17:24:09.276 [FXGL Background Thread 2 ] DEBUG Engine               - class com.almasb.fxgl.cutscene.CutsceneService
17:24:09.276 [FXGL Background Thread 2 ] DEBUG Engine               - class com.almasb.fxgl.minigames.MiniGameService
17:24:09.276 [FXGL Background Thread 2 ] DEBUG Engine               - class com.almasb.fxgl.net.NetService
17:24:09.276 [FXGL Background Thread 2 ] DEBUG Engine               - class com.almasb.fxgl.app.services.UpdaterService
17:24:18.326 [JavaFX Application Thread] FATAL GameApplication      - Uncaught Exception:

Fatal exception occurred: java.lang.RuntimeException : Initialization failed
E: com.almasb.fxgl.app.GameApplication$InitAppTask.failed(GameApplication.java:428)
E: javafx.concurrent.Task.setState(Task.java:710)
E: javafx.concurrent.Task$TaskCallable.lambda$call$2(Task.java:1455)
E: com.sun.javafx.application.PlatformImpl.lambda$runLater$10(PlatformImpl.java:428)
E: java.base/java.security.AccessController.doPrivileged(Native Method)
E: com.sun.javafx.application.PlatformImpl.lambda$runLater$11(PlatformImpl.java:427)
E: com.sun.glass.ui.InvokeLaterDispatcher$Future.run(InvokeLaterDispatcher.java:96)
E: com.sun.glass.ui.win.WinApplication._runLoop(Native Method)
E: com.sun.glass.ui.win.WinApplication.lambda$runLoop$3(WinApplication.java:174)
E: java.base/java.lang.Thread.run(Thread.java:834)

17:24:18.344 [JavaFX Application Thread] FATAL GameApplication      - Application will now exit
17:24:18.346 [JavaFX Application Thread] DEBUG GameApplication      - Exiting FXGL
17:24:18.346 [JavaFX Application Thread] DEBUG GameApplication      - Shutting down background threads
17:24:18.346 [JavaFX Application Thread] DEBUG GameApplication      - Closing logger and exiting JavaFX
